1511175601 0 3
1511175601 0 3 0 3
1511175301 0 3 0 3
1511175300 0 3 0 3
1511175000 0 3 0 3
1511174700 0 3 0 3
1511174400 0 3 0 3
1511174100 0 3 0 3
1511173800 0 3 1 4
1511173500 1 4 1 4
1511173200 0 3 1 4
1511172900 0 2 0 2
1511172600 0 1 0 2
1511172300 0 0 0 0
1511172000 0 0 0 0
1511171700 0 0 0 13
1511171400 0 12 0 13
1511171100 0 3 0 3
1511170800 0 2 0 3
1511170500 0 1 0 1
1511170200 0 1 0 1
1511169900 0 1 0 1
1511169600 0 1 0 8
1511169300 0 8 0 8
1511169000 0 7 0 8
1511168700 0 4 0 4
1511168400 0 3 0 4
1511168100 0 1 0 1
1511167800 0 1 0 1
1511167500 0 1 0 1
1511167200 0 1 0 1
1511166900 0 1 0 1
1511166600 0 1 0 1
1511166300 0 1 0 1
1511166000 0 1 0 1
1511165700 0 1 0 1
1511165400 0 1 0 1
1511165100 0 1 0 1
1511164800 0 1 0 1
1511164500 0 1 0 1
1511164200 0 1 0 1
1511163900 0 1 0 1
1511163600 0 1 0 1
1511163300 0 1 0 1
1511163000 0 1 0 1
1511162700 0 1 0 1
1511162400 0 1 0 1
1511162100 0 1 0 1
1511161800 0 1 0 1
1511161500 0 1 0 1
1511161200 0 1 0 1
1511160900 0 1 0 1
1511160600 0 1 0 1
1511160300 0 1 0 1
1511160000 0 1 0 1
1511159700 0 1 0 1
1511159400 0 1 0 2
1511159100 0 2 0 2
1511158800 0 2 0 2
1511158500 0 2 0 2
1511158200 0 1 0 2
1511157900 0 1 0 1
1511157600 0 1 0 1
1511157300 0 1 0 1
1511157000 0 1 0 1
1511156700 0 1 0 1
1511156400 0 1 0 1
1511156100 0 1 0 1
1511155800 0 1 0 1
1511155500 0 1 0 1
1511155200 0 1 0 1
1511154900 0 1 0 1
1511154600 0 1 0 1
1511154300 0 1 0 1
1511154000 0 1 0 1
1511153700 0 1 0 1
1511153400 0 1 0 1
1511153100 0 1 0 1
1511152800 0 1 0 1
1511152500 0 1 0 1
1511152200 0 1 0 2
1511151900 0 2 0 2
1511151600 0 1 0 2
1511151300 0 1 0 1
1511151000 0 1 0 1
1511150700 0 1 0 1
1511150400 0 1 0 1
1511150100 0 1 0 1
1511149800 0 1 0 1
1511149500 0 1 0 1
1511149200 0 1 0 1
1511148900 0 1 0 1
1511148600 0 1 0 1
1511148300 0 1 0 1
1511148000 0 1 0 1
1511147700 0 1 0 1
1511147400 0 1 0 1
1511147100 0 1 0 1
1511146800 0 1 0 1
1511146500 0 1 0 1
1511146200 0 1 0 1
1511145900 0 1 0 1
1511145600 0 1 0 1
1511145300 0 1 0 1
1511145000 0 1 0 1
1511144700 0 1 0 1
1511144400 0 1 0 1
1511144100 0 1 0 1
1511143800 0 1 0 1
1511143500 0 1 0 1
1511143200 0 1 0 1
1511142900 0 1 0 1
1511142600 0 1 0 1
1511142300 0 1 0 1
1511142000 0 1 0 1
1511141700 0 1 0 1
1511141400 0 1 0 2
1511141100 0 2 0 2
1511140800 0 1 0 2
1511140500 0 1 0 1
1511140200 0 1 0 1
1511139900 0 1 0 1
1511139600 0 1 0 1
1511139300 0 1 0 1
1511139000 0 1 0 1
1511138700 0 1 0 1
1511138400 0 1 0 1
1511138100 0 1 0 1
1511137800 0 1 0 1
1511137500 0 1 0 1
1511137200 0 1 0 1
1511136900 0 1 0 1
1511136600 0 1 0 1
1511136300 0 1 0 1
1511136000 0 1 0 1
1511135700 0 1 0 1
1511135400 0 1 0 1
1511135100 0 1 0 1
1511134800 0 1 0 1
1511134500 0 1 0 1
1511134200 0 1 0 1
1511133900 0 1 0 1
1511133600 0 1 0 1
1511133300 0 1 0 1
1511133000 0 1 0 1
1511132700 0 1 0 1
1511132400 0 1 0 1
1511132100 0 1 0 1
1511131800 0 1 0 1
1511131500 0 1 0 1
1511131200 0 1 0 1
1511130900 0 1 0 1
1511130600 0 1 0 1
1511130300 0 1 0 1
1511130000 0 1 0 1
1511129700 0 1 0 1
1511129400 0 1 0 1
1511129100 0 1 0 1
1511128800 0 1 0 1
1511128500 0 1 0 1
1511128200 0 1 0 1
1511127900 0 1 0 1
1511127600 0 1 0 1
1511127300 0 1 0 1
1511127000 0 1 0 1
1511126700 0 1 0 1
1511126400 0 1 0 1
1511126100 0 1 0 1
1511125800 0 1 0 1
1511125500 0 1 0 1
1511125200 0 1 0 1
1511124900 0 1 0 1
1511124600 0 1 0 1
1511124300 0 1 0 1
1511124000 0 1 0 1
1511123700 0 1 0 1
1511123400 0 1 0 2
1511123100 0 2 0 2
1511122800 0 1 0 2
1511122500 0 1 0 1
1511122200 0 1 0 2
1511121900 0 2 0 2
1511121600 0 1 0 2
1511121300 0 1 0 1
1511121000 0 1 0 1
1511120700 0 1 0 1
1511120400 0 1 0 1
1511120100 0 1 0 1
1511119800 0 1 0 1
1511119500 0 1 0 1
1511119200 0 1 0 1
1511118900 0 1 0 1
1511118600 0 1 0 1
1511118300 0 1 0 1
1511118000 0 1 0 1
1511117700 0 1 0 1
1511117400 0 1 0 1
1511117100 0 1 0 1
1511116800 0 1 0 1
1511116500 0 1 0 1
1511116200 0 1 0 1
1511115900 0 1 0 1
1511115600 0 1 0 2
1511115300 0 2 0 2
1511115000 0 1 0 2
1511114700 0 1 0 1
1511114400 0 1 0 1
1511114100 0 1 0 1
1511113800 0 1 0 1
1511113500 0 1 0 1
1511113200 0 1 0 1
1511112900 0 1 0 1
1511112600 0 1 0 1
1511112300 0 1 0 1
1511112000 0 1 0 3
1511111700 0 3 0 3
1511111400 0 2 0 3
1511111100 0 1 0 1
1511110800 0 1 0 1
1511110500 0 1 0 1
1511110200 0 1 0 1
1511109900 0 1 0 1
1511109600 0 1 0 1
1511109300 0 1 0 1
1511109000 0 1 0 1
1511108700 0 1 0 1
1511108400 0 1 0 1
1511108100 0 1 0 1
1511107800 0 0 4 1
1511107500 4 0 4 0
1511107200 3 0 4 1
1511106900 0 1 0 1
1511106600 0 1 0 1
1511106300 0 1 0 1
1511106000 0 1 0 1
1511105700 0 1 0 1
1511105400 0 1 0 1
1511105100 0 1 0 1
1511104800 0 1 0 1
1511104500 0 1 0 1
1511104200 0 1 0 1
1511103900 0 1 0 1
1511103600 0 1 0 1
1511103300 0 1 0 1
1511103000 0 1 0 1
1511102700 0 1 0 1
1511102400 0 1 0 1
1511102100 0 1 0 1
1511101800 0 1 0 1
1511101500 0 1 0 1
1511101200 0 1 0 1
1511100900 0 1 0 1
1511100600 0 1 0 1
1511100300 0 1 0 1
1511100000 0 1 0 1
1511099700 0 1 0 1
1511099400 0 1 0 1
1511099100 0 1 0 1
1511098800 0 1 0 1
1511098500 0 1 0 1
1511098200 0 1 0 1
1511097900 0 1 0 1
1511097600 0 1 0 1
1511097300 0 1 0 1
1511097000 0 1 0 1
1511096700 0 1 0 1
1511096400 0 1 0 1
1511096100 0 1 0 1
1511095800 0 1 0 1
1511095500 0 1 0 1
1511095200 0 1 0 1
1511094900 0 1 0 1
1511094600 0 1 0 1
1511094300 0 1 0 1
1511094000 0 1 0 1
1511093700 0 1 0 1
1511093400 0 1 0 1
1511093100 0 1 0 1
1511092800 0 1 0 1
1511092500 0 1 0 1
1511092200 0 1 0 1
1511091900 0 1 0 1
1511091600 0 1 0 1
1511091300 0 1 0 1
1511091000 0 1 0 1
1511090700 0 1 0 1
1511090400 0 1 0 1
1511090100 0 1 0 1
1511089800 0 1 0 1
1511089500 0 1 0 1
1511089200 0 1 0 1
1511088900 0 1 0 1
1511088600 0 1 0 1
1511088300 0 1 0 1
1511088000 0 1 0 1
1511087700 0 1 0 1
1511087400 0 1 0 1
1511087100 0 1 0 1
1511086800 0 1 0 2
1511086500 0 2 0 2
1511086200 0 1 0 2
1511085900 0 1 0 1
1511085600 0 1 0 1
1511085300 0 1 0 1
1511085000 0 1 0 1
1511084700 0 1 0 1
1511084400 0 1 0 1
1511084100 0 1 0 1
1511083800 0 1 0 1
1511083500 0 1 0 1
1511083200 0 1 0 2
1511082900 0 2 0 2
1511082600 0 1 0 2
1511082300 0 1 0 1
1511082000 0 1 0 1
1511081700 0 1 0 1
1511081400 0 1 0 1
1511081100 0 1 0 1
1511080800 0 1 0 1
1511080500 0 1 0 1
1511080200 0 1 0 1
1511079900 0 1 0 1
1511079600 0 1 0 1
1511079300 0 1 0 1
1511079000 0 1 0 1
1511078700 0 1 0 1
1511078400 0 1 0 1
1511078100 0 1 0 1
1511077800 0 1 0 1
1511077500 0 1 0 1
1511077200 0 1 0 1
1511076900 0 1 0 1
1511076600 0 1 0 1
1511076300 0 1 0 1
1511076000 0 1 0 1
1511075700 0 1 0 1
1511075400 0 1 0 1
1511075100 0 1 0 1
1511074800 0 1 0 1
1511074500 0 1 0 1
1511074200 0 1 0 1
1511073900 0 1 0 1
1511073600 0 1 0 1
1511073300 0 1 0 1
1511073000 0 1 0 1
1511072700 0 1 0 1
1511072400 0 1 0 1
1511072100 0 1 0 1
1511071800 0 1 0 1
1511071500 0 1 0 1
1511071200 0 1 0 1
1511070900 0 1 0 1
1511070600 0 1 0 1
1511070300 0 1 0 1
1511070000 0 1 0 1
1511069700 0 1 0 1
1511069400 0 1 0 1
1511069100 0 1 0 1
1511068800 0 1 0 1
1511068500 0 1 0 1
1511068200 0 1 0 1
1511067900 0 1 0 1
1511067600 0 1 0 1
1511067300 0 1 0 1
1511067000 0 1 0 1
1511066700 0 1 0 1
1511066400 0 1 0 1
1511066100 0 1 0 1
1511065800 0 1 0 1
1511065500 0 1 0 1
1511065200 0 1 0 1
1511064900 0 1 0 1
1511064600 0 1 0 1
1511064300 0 1 0 1
1511064000 0 1 0 1
1511063700 0 1 0 1
1511063400 0 1 0 1
1511063100 0 1 0 1
1511062800 0 1 0 1
1511062500 0 1 0 1
1511062200 0 1 0 1
1511061900 0 1 0 1
1511061600 0 1 0 1
1511061300 0 1 0 1
1511061000 0 1 0 1
1511060700 0 1 0 1
1511060400 0 1 0 1
1511060100 0 1 0 1
1511059800 0 1 0 1
1511059500 0 1 0 1
1511059200 0 1 0 1
1511058900 0 1 0 1
1511058600 0 1 0 1
1511058300 0 1 0 1
1511058000 0 1 0 1
1511057700 0 1 0 1
1511057400 0 1 0 1
1511057100 0 1 0 1
1511056800 0 1 0 1
1511056500 0 1 0 1
1511056200 0 1 0 1
1511055900 0 1 0 1
1511055600 0 1 0 1
1511055300 0 1 0 1
1511055000 0 1 0 2
1511054700 0 2 0 2
1511054400 0 1 0 2
1511054100 0 1 0 1
1511053800 0 1 0 1
1511053500 0 1 0 1
1511053200 0 1 0 1
1511052900 0 1 0 1
1511052600 0 1 0 1
1511052300 0 1 0 1
1511052000 0 1 0 1
1511051700 0 1 0 1
1511051400 0 1 0 1
1511051100 0 1 0 1
1511050800 0 1 0 1
1511050500 0 1 0 1
1511050200 0 1 0 1
1511049900 0 1 0 1
1511049600 0 1 0 1
1511049300 0 1 0 1
1511049000 0 1 0 1
1511048700 0 1 0 1
1511048400 0 1 0 1
1511048100 0 1 0 1
1511047800 0 1 0 1
1511047500 0 1 0 1
1511047200 0 1 0 2
1511046900 0 2 0 2
1511046600 0 1 0 2
1511046300 0 1 0 1
1511046000 0 1 0 1
1511045700 0 1 0 1
1511045400 0 1 0 1
1511045100 0 1 0 1
1511044800 0 1 0 1
1511044500 0 1 0 1
1511044200 0 1 0 1
1511043900 0 1 0 1
1511043600 0 1 0 1
1511043300 0 1 0 1
1511043000 0 1 0 1
1511042700 0 1 0 1
1511042400 0 1 0 1
1511042100 0 1 0 1
1511041800 0 1 0 1
1511041500 0 1 0 1
1511041200 0 1 0 1
1511040900 0 1 0 1
1511040600 0 1 0 1
1511040300 0 1 0 1
1511040000 0 1 0 1
1511039700 0 1 0 1
1511039400 0 1 0 1
1511039100 0 1 0 1
1511038800 0 1 0 1
1511038500 0 1 0 1
1511038200 0 1 0 1
1511037900 0 1 0 1
1511037600 0 1 0 1
1511037300 0 1 0 1
1511037000 0 1 0 2
1511036700 0 2 0 2
1511036400 0 1 0 2
1511036100 0 1 0 1
1511035800 0 1 0 1
1511035500 0 1 0 1
1511035200 0 1 0 1
1511034900 0 1 0 1
1511034600 0 1 0 2
1511034300 0 2 0 2
1511034000 0 1 0 2
1511033700 0 1 0 1
1511033400 0 1 0 1
1511033100 0 1 0 1
1511032800 0 1 0 1
1511032500 0 1 0 1
1511032200 0 1 0 1
1511031900 0 1 0 1
1511031600 0 1 0 1
1511031300 0 1 0 1
1511031000 0 1 0 1
1511030700 0 1 0 1
1511030400 0 1 0 1
1511030100 0 1 0 1
1511029800 0 1 0 1
1511029500 0 1 0 1
1511029200 0 1 0 1
1511028900 0 1 0 1
1511028600 0 1 0 1
1511028300 0 1 0 1
1511028000 0 1 0 1
1511027700 0 1 0 1
1511027400 0 1 0 1
1511027100 0 1 0 1
1511026800 0 1 0 1
1511026500 0 1 0 1
1511026200 0 1 0 2
1511025900 0 2 0 2
1511025600 0 2 1 4
1511025300 1 4 1 4
1511025000 0 3 1 4
1511024700 0 1 0 1
1511024400 0 1 0 1
1511024100 0 1 0 1
1511023800 0 1 0 1
1511023500 0 1 0 1
1511023200 0 1 0 1
1511022900 0 1 0 1
1511022600 0 1 0 1
1511022300 0 1 0 1
1511022000 0 1 0 1
1511021700 0 1 0 1
1511021400 0 0 4 1
1511021100 4 0 4 0
1511020800 3 0 4 1
1511020500 0 1 0 1
1511020200 0 1 0 1
1511019900 0 1 0 1
1511019600 0 1 0 1
1511019300 0 1 0 1
1511019000 0 1 0 1
1511018700 0 1 0 1
1511018400 0 1 0 1
1511018100 0 1 0 1
1511017800 0 1 0 1
1511017500 0 1 0 1
1511017200 0 1 0 1
1511016900 0 1 0 1
1511016600 0 1 0 1
1511016300 0 1 0 1
1511016000 0 1 0 1
1511015700 0 1 0 1
1511015400 0 1 0 1
1511015100 0 1 0 1
1511014800 0 1 0 1
1511014500 0 1 0 1
1511014200 0 1 0 1
1511013900 0 1 0 1
1511013600 0 1 0 1
1511013300 0 1 0 1
1511013000 0 1 0 1
1511012700 0 1 0 1
1511012400 0 1 0 1
1511012100 0 1 0 1
1511011800 0 1 0 1
1511011500 0 1 0 1
1511011200 0 1 0 1
1511010900 0 1 0 1
1511010600 0 1 0 1
1511010300 0 1 0 1
1511010000 0 1 0 1
1511009700 0 1 0 1
1511009400 0 1 0 1
1511009100 0 1 0 1
1511008800 0 1 0 1
1511008500 0 1 0 1
1511008200 0 1 0 1
1511007900 0 1 0 1
1511007600 0 1 0 1
1511007300 0 1 0 1
1511007000 0 1 0 1
1511006700 0 1 0 1
1511006400 0 1 0 1
1511006100 0 1 0 1
1511005800 0 1 0 1
1511005500 0 1 0 1
1511005200 0 1 0 1
1511004900 0 1 0 1
1511004600 0 1 0 1
1511004300 0 1 0 1
1511004000 0 1 0 1
1511003700 0 1 0 1
1511003400 0 1 0 1
1511003100 0 1 0 1
1511002800 0 1 0 1
1511002500 0 1 0 1
1511002200 0 1 0 1
1511001900 0 1 0 1
1511001600 0 1 0 1
1511001300 0 1 0 1
1511001000 0 1 0 2
1511000700 0 2 0 2
1511000400 0 1 0 2
1511000100 0 1 0 1
1510999800 0 1 0 1
1510999500 0 1 0 1
1510999200 0 1 0 1
1510998900 0 1 0 1
1510998600 0 1 0 1
1510998300 0 1 0 1
1510998000 0 1 0 1
1510997700 0 1 0 1
1510997400 0 1 0 1
1510997100 0 1 0 1
1510996800 0 1 0 2
1510996500 0 2 0 2
1510996200 0 1 0 2
1510995900 0 1 0 1
1510995600 0 1 0 1
1510993800 0 1 0 1
1510992000 0 1 0 1
1510990200 0 1 0 1
1510988400 0 1 0 1
1510986600 0 1 0 1
1510984800 0 1 0 1
1510983000 0 1 0 1
1510981200 0 1 0 1
1510979400 0 1 0 1
1510977600 0 1 0 1
1510975800 0 1 0 1
1510974000 0 1 0 1
1510972200 0 1 0 2
1510970400 0 1 0 1
1510968600 0 1 0 1
1510966800 0 1 0 1
1510965000 0 1 0 1
1510963200 0 1 0 1
1510961400 0 1 0 1
1510959600 0 1 0 1
1510957800 0 1 0 1
1510956000 0 1 0 1
1510954200 0 1 0 2
1510952400 0 1 0 1
1510950600 0 1 0 2
1510948800 0 1 0 2
1510947000 0 1 0 1
1510945200 0 1 0 1
1510943400 0 1 0 1
1510941600 0 1 0 1
1510939800 0 1 2 4
1510938000 0 1 0 1
1510936200 0 0 4 1
1510934400 0 0 4 1
1510932600 0 1 0 1
1510930800 0 1 0 1
1510929000 0 1 0 2
1510927200 0 1 0 1
1510925400 0 1 0 2
1510923600 0 1 0 1
1510921800 0 1 0 2
1510920000 0 1 0 1
1510918200 0 1 0 2
1510916400 0 1 0 1
1510914600 0 3 2 10
1510912800 0 1 0 10
1510911000 0 1 0 1
1510909200 0 1 0 1
1510907400 0 1 0 1
1510905600 0 1 0 1
1510903800 0 1 0 1
1510902000 0 1 0 1
1510900200 0 1 0 1
1510898400 0 1 0 1
1510896600 0 1 0 1
1510894800 0 1 0 1
1510893000 0 1 0 2
1510891200 0 1 0 1
1510889400 0 1 0 1
1510887600 0 1 0 1
1510885800 0 1 0 1
1510884000 0 1 0 1
1510882200 0 1 0 1
1510880400 0 1 0 1
1510878600 0 1 0 1
1510876800 0 1 0 1
1510875000 0 1 0 1
1510873200 0 1 0 1
1510871400 0 1 0 1
1510869600 0 1 0 1
1510867800 0 1 0 1
1510866000 0 1 0 1
1510864200 0 1 0 2
1510862400 0 1 0 1
1510860600 0 1 0 1
1510858800 0 1 0 1
1510857000 0 1 0 1
1510855200 0 1 0 1
1510853400 0 1 0 2
1510851600 0 1 0 1
1510849800 0 0 4 1
1510848000 0 0 4 1
1510846200 0 1 0 1
1510844400 0 1 0 1
1510842600 0 1 0 2
1510840800 0 1 0 1
1510839000 0 1 0 1
1510837200 0 1 0 1
1510835400 0 1 0 1
1510833600 0 1 0 1
1510831800 0 1 0 1
1510830000 0 1 0 1
1510828200 0 1 0 2
1510826400 0 1 0 1
1510824600 0 1 0 1
1510822800 0 1 0 1
1510821000 0 1 0 1
1510819200 0 1 0 2
1510817400 0 1 0 2
1510815600 0 1 0 1
1510813800 0 1 0 1
1510812000 0 1 0 1
1510810200 0 1 0 2
1510808400 0 1 1 2
1510806600 0 1 0 1
1510804800 0 1 0 1
1510803000 0 1 0 1
1510801200 0 1 0 1
1510799400 0 1 0 1
1510797600 0 1 0 1
1510795800 0 1 0 1
1510794000 0 1 2 3
1510792200 0 1 0 2
1510790400 0 1 0 1
1510788600 0 1 0 1
1510786800 0 1 0 1
1510785000 0 1 0 2
1510783200 0 1 0 1
1510781400 0 1 0 2
1510779600 0 1 0 1
1510777800 0 1 0 2
1510776000 0 1 0 1
1510774200 0 1 0 2
1510772400 0 1 1 2
1510770600 0 1 0 1
1510768800 0 1 0 1
1510767000 0 1 0 2
1510765200 0 1 0 1
1510763400 0 0 4 1
1510761600 0 0 4 1
1510759800 0 1 0 1
1510758000 0 1 0 1
1510756200 0 1 0 2
1510754400 0 1 0 1
1510752600 0 1 0 1
1510750800 0 1 0 1
1510749000 0 1 0 2
1510747200 0 1 0 1
1510745400 0 1 0 1
1510743600 0 1 0 1
1510741800 0 1 0 1
1510740000 0 1 0 1
1510738200 0 1 0 1
1510736400 0 1 0 1
1510734600 0 1 0 1
1510732800 0 1 0 1
1510731000 0 1 0 1
1510729200 0 1 0 1
1510727400 0 1 0 1
1510725600 0 1 0 1
1510723800 0 1 0 1
1510722000 0 1 0 1
1510720200 0 1 0 1
1510718400 0 1 0 1
1510716600 0 1 0 1
1510714800 0 1 0 1
1510713000 0 1 0 1
1510711200 0 1 0 1
1510709400 0 1 0 1
1510707600 0 1 0 1
1510705800 0 1 0 1
1510704000 0 1 0 1
1510702200 0 1 0 1
1510700400 0 1 0 1
1510698600 0 1 0 2
1510696800 0 1 0 1
1510695000 0 1 0 1
1510693200 0 1 0 1
1510691400 0 1 0 1
1510689600 0 1 0 2
1510687800 0 1 0 2
1510686000 0 1 0 1
1510684200 0 1 0 1
1510682400 0 1 0 1
1510680600 0 1 0 2
1510678800 0 1 0 1
1510677000 0 0 4 1
1510675200 0 0 4 1
1510673400 0 1 0 1
1510671600 0 1 0 1
1510669800 0 1 0 2
1510668000 0 1 0 1
1510666200 0 1 0 1
1510664400 0 1 0 1
1510662600 0 1 0 1
1510660800 0 1 0 1
1510659000 0 1 0 1
1510657200 0 1 0 1
1510655400 0 1 0 1
1510653600 0 1 0 1
1510651800 0 1 0 1
1510650000 0 1 0 1
1510648200 0 1 0 1
1510646400 0 1 0 1
1510644600 0 1 0 2
1510642800 0 1 0 1
1510641000 0 1 0 1
1510639200 0 1 0 1
1510637400 0 1 0 1
1510635600 0 1 0 1
1510633800 0 1 0 1
1510632000 0 1 0 1
1510630200 0 1 0 1
1510628400 0 1 0 1
1510626600 0 1 0 1
1510624800 0 1 0 1
1510623000 0 1 0 1
1510621200 0 1 0 1
1510619400 0 1 0 2
1510617600 0 1 0 1
1510615800 0 1 0 1
1510614000 0 1 0 1
1510612200 0 1 0 1
1510610400 0 1 0 1
1510608600 0 1 0 1
1510606800 0 1 0 1
1510605000 0 1 0 2
1510603200 0 1 0 2
1510601400 0 1 0 1
1510599600 0 1 0 1
1510597800 0 1 0 1
1510596000 0 1 0 1
1510594200 0 1 0 3
1510592400 0 1 0 1
1510590600 0 0 4 1
1510588800 0 0 4 1
1510587000 0 1 0 8
1510585200 0 8 0 13
1510583400 0 7 0 11
1510581600 0 5 0 9
1510579800 0 3 0 9
1510578000 0 1 0 2
1510576200 0 1 0 1
1510574400 0 0 0 4
1510572600 0 1 0 4
1510570800 0 1 0 1
1510569000 0 1 0 1
1510567200 0 1 0 1
1510565400 0 5 0 11
1510563600 0 11 3 18
1510561800 0 5 1 9
1510560000 0 8 0 10
1510558200 0 4 0 10
1510556400 0 7 0 10
1510554600 0 11 0 16
1510552800 0 2 1 12
1510551000 0 1 0 1
1510549200 0 1 0 1
1510547400 0 1 0 1
1510545600 0 1 0 1
1510543800 0 1 0 1
1510542000 0 1 0 1
1510540200 0 1 0 1
1510538400 0 1 0 1
1510536600 0 1 0 1
1510534800 0 1 0 1
1510533000 0 1 0 1
1510531200 0 1 0 1
1510529400 0 1 0 1
1510527600 0 1 0 1
1510525800 0 1 0 2
1510524000 0 1 0 1
1510522200 0 1 0 1
1510520400 0 1 0 1
1510518600 0 1 0 2
1510516800 0 1 0 2
1510515000 0 1 0 2
1510513200 0 1 0 1
1510511400 0 1 0 1
1510509600 0 1 0 1
1510507800 0 1 0 2
1510506000 0 1 0 1
1510504200 0 0 4 1
1510502400 0 0 4 1
1510500600 0 1 0 1
1510498800 0 1 0 1
1510497000 0 1 1 2
1510495200 0 1 1 2
1510493400 0 1 0 1
1510491600 0 1 0 1
1510489800 0 1 0 2
1510488000 0 1 0 1
1510486200 0 1 0 1
1510484400 0 1 0 1
1510482600 0 1 0 1
1510480800 0 1 0 1
1510479000 0 1 0 1
1510477200 0 1 0 1
1510475400 0 1 0 1
1510473600 0 1 0 1
1510471800 0 1 0 1
1510470000 0 1 0 1
1510468200 0 1 0 1
1510466400 0 1 0 1
1510464600 0 1 3 4
1510462800 0 1 0 1
1510461000 0 1 0 1
1510459200 0 1 0 1
1510457400 0 1 0 1
1510455600 0 1 0 1
1510453800 0 1 0 1
1510452000 0 1 0 1
1510450200 0 1 0 1
1510448400 0 1 0 1
1510446600 0 1 0 1
1510444800 0 1 0 1
1510443000 0 1 0 1
1510441200 0 1 0 1
1510439400 0 1 0 2
1510437600 0 1 0 1
1510435800 0 1 0 1
1510434000 0 1 0 1
1510432200 0 1 0 2
1510430400 0 1 0 1
1510428600 0 1 0 2
1510426800 0 1 0 1
1510425000 0 1 0 1
1510423200 0 1 0 1
1510421400 0 1 0 3
1510419600 0 1 0 1
1510417800 0 0 4 1
1510416000 0 0 4 1
1510414200 0 1 0 1
1510412400 0 1 0 1
1510410600 0 1 0 2
1510408800 0 1 0 1
1510407000 0 1 0 1
1510405200 0 1 0 1
1510403400 0 1 0 2
1510401600 0 1 0 1
1510399800 0 1 0 1
1510398000 0 1 0 1
1510396200 0 1 0 2
1510394400 0 1 0 1
1510392600 0 1 11 12
1510390800 1 2 11 12
1510389000 0 1 0 1
1510387200 0 1 0 1
1510385400 0 1 0 1
1510383600 0 1 0 1
1510381800 0 1 0 1
1510380000 0 1 0 1
1510378200 0 1 0 2
1510376400 0 1 0 1
1510374600 0 1 0 1
1510372800 0 1 0 1
1510371000 0 1 0 1
1510369200 0 1 0 1
1510367400 0 1 0 1
1510365600 0 1 0 1
1510363800 0 1 0 2
1510362000 0 1 0 1
1510360200 0 1 0 2
1510358400 0 1 0 1
1510356600 0 1 0 1
1510354800 0 1 0 1
1510353000 0 1 0 2
1510351200 0 1 0 1
1510349400 0 1 0 2
1510347600 0 1 0 1
1510345800 0 1 0 1
1510344000 0 1 0 2
1510342200 0 1 0 2
1510340400 0 1 0 1
1510338600 0 1 0 1
1510336800 0 1 0 1
1510335000 0 1 0 3
1510333200 0 1 0 1
1510331400 0 0 4 1
1510329600 0 0 4 1
1510327800 0 1 0 1
1510326000 0 1 0 1
1510324200 0 1 0 1
1510322400 0 1 0 1
1510320600 0 1 0 1
1510318800 0 1 0 1
1510317000 0 1 0 1
1510315200 0 1 0 1
1510313400 0 1 0 1
1510311600 0 1 0 1
1510309800 0 1 0 1
1510308000 0 1 0 1
1510306200 0 1 0 2
1510304400 0 1 0 1
1510302600 0 1 0 1
1510300800 0 1 0 1
1510299000 0 1 0 1
1510297200 0 1 0 1
1510295400 0 1 0 1
1510293600 0 1 0 1
1510291800 0 1 0 1
1510290000 0 1 0 1
1510288200 0 1 0 1
1510286400 0 1 0 1
1510284600 0 1 0 1
1510282800 0 1 0 1
1510281000 0 1 0 2
1510279200 0 1 0 1
1510277400 0 1 0 1
1510275600 0 1 0 1
1510273800 0 1 0 1
1510272000 0 1 0 1
1510270200 0 1 0 2
1510268400 0 1 0 1
1510266600 0 1 0 1
1510264800 0 1 0 1
1510263000 0 1 0 2
1510261200 0 1 0 1
1510259400 0 1 0 2
1510257600 0 1 0 2
1510255800 0 1 0 1
1510254000 0 1 0 1
1510252200 0 1 0 1
1510250400 0 1 0 1
1510248600 0 1 0 2
1510246800 0 1 0 1
1510245000 0 0 4 1
1510243200 0 0 4 1
1510241400 0 1 0 2
1510239600 0 1 0 1
1510237800 0 1 0 1
1510236000 0 1 0 1
1510234200 0 1 0 2
1510232400 0 1 0 1
1510230600 0 1 0 2
1510228800 0 1 0 1
1510227000 0 1 0 1
1510225200 0 1 0 1
1510223400 0 1 0 1
1510221600 0 1 0 1
1510219800 0 1 0 1
1510218000 0 1 0 1
1510216200 0 1 0 1
1510214400 0 1 0 1
1510212600 0 1 0 1
1510210800 0 1 0 1
1510209000 0 1 0 2
1510207200 0 1 0 1
1510205400 0 1 0 2
1510203600 0 1 0 1
1510201800 0 1 0 1
1510200000 0 1 0 1
1510198200 0 1 0 1
1510196400 0 1 0 1
1510194600 0 1 0 2
1510192800 0 1 0 1
1510191000 0 1 0 1
1510189200 0 1 0 1
1510187400 0 1 0 2
1510185600 0 1 0 1
1510183800 0 1 0 1
1510182000 0 1 0 1
1510180200 0 1 0 1
1510178400 0 1 0 1
1510176600 0 1 0 1
1510174800 0 1 0 1
1510173000 0 1 0 1
1510171200 0 1 0 2
1510169400 0 1 0 2
1510167600 0 1 0 1
1510165800 0 1 0 1
1510164000 0 1 0 1
1510162200 0 1 0 3
1510160400 0 1 0 1
1510158600 0 0 4 1
1510156800 0 0 4 1
1510155000 0 1 0 1
1510153200 0 1 0 1
1510151400 0 1 0 2
1510149600 0 1 0 1
1510147800 0 1 0 1
1510146000 0 1 0 1
1510144200 0 1 0 2
1510142400 0 1 0 1
1510140600 0 1 0 1
1510138800 0 1 0 1
1510137000 0 1 0 1
1510135200 0 1 0 1
1510133400 0 1 0 2
1510131600 0 1 0 1
1510129800 0 1 0 2
1510128000 0 1 0 1
1510126200 0 1 0 1
1510124400 0 1 0 1
1510122600 0 1 0 1
1510120800 0 1 0 1
1510119000 0 1 0 1
1510117200 0 1 0 1
1510115400 0 1 0 1
1510113600 0 1 0 1
1510111800 0 1 0 2
1510110000 0 1 0 1
1510108200 0 1 0 1
1510106400 0 1 0 1
1510104600 0 1 0 1
1510102800 0 1 0 1
1510101000 0 1 0 1
1510099200 0 1 0 1
1510097400 0 1 0 1
1510095600 0 1 0 1
1510093800 0 1 0 1
1510092000 0 1 0 1
1510090200 0 1 0 1
1510088400 0 1 0 1
1510086600 0 1 0 2
1510084800 0 1 0 3
1510083000 0 1 0 3
1510081200 0 1 0 1
1510079400 0 1 0 1
1510077600 0 1 0 1
1510075800 0 1 1 4
1510074000 0 1 0 1
1510072200 0 0 4 2
1510070400 0 0 4 1
1510068600 0 1 0 2
1510066800 0 1 0 1
1510065000 0 1 0 1
1510063200 0 1 0 1
1510061400 0 1 0 1
1510059600 0 1 0 1
1510057800 0 1 0 1
1510056000 0 1 0 1
1510054200 0 1 0 1
1510052400 0 1 0 1
1510050600 0 1 0 1
1510048800 0 1 0 1
1510047000 0 1 0 1
1510045200 0 1 0 1
1510043400 0 1 0 1
1510041600 0 1 0 1
1510039800 0 1 0 1
1510038000 0 1 0 1
1510036200 0 1 1 2
1510034400 0 1 0 1
1510032600 0 1 0 1
1510030800 0 1 0 1
1510029000 0 1 0 1
1510027200 0 1 0 1
1510025400 0 1 0 1
1510023600 0 1 0 1
1510021800 0 1 0 1
1510020000 0 1 0 1
1510018200 0 1 0 1
1510016400 0 1 0 1
1510014600 0 1 0 1
1510012800 0 1 0 1
1510011000 0 1 0 1
1510009200 0 1 0 1
1510007400 0 1 0 2
1510005600 0 1 0 1
1510003800 0 1 0 2
1510002000 0 1 0 1
1510000200 0 1 0 2
1509998400 0 1 0 2
1509996600 0 1 0 1
1509994800 0 1 0 1
1509993000 0 1 0 1
1509991200 0 1 0 1
1509989400 0 1 1 3
1509987600 0 1 0 1
1509985800 0 0 4 1
1509984000 0 0 4 1
1509982200 0 1 0 1
1509980400 0 1 0 2
1509978600 0 1 0 2
1509976800 0 1 0 1
1509975000 0 1 0 2
1509973200 0 1 0 1
1509971400 0 1 0 2
1509969600 0 1 0 1
1509967800 0 1 0 1
1509966000 0 1 0 1
1509964200 0 1 0 2
1509962400 0 1 0 1
1509960600 0 1 0 1
1509958800 0 1 0 1
1509957000 0 1 0 1
1509955200 0 1 0 1
1509953400 0 1 0 2
1509951600 0 1 0 1
1509949800 0 1 0 1
1509948000 0 1 0 1
1509946200 0 1 0 1
1509944400 0 1 0 1
1509942600 0 1 0 1
1509940800 0 1 0 1
1509939000 0 1 0 1
1509937200 0 1 0 1
1509935400 0 1 0 2
1509933600 0 1 0 1
1509931800 0 1 0 1
1509930000 0 1 0 1
1509928200 0 1 0 1
1509926400 0 1 0 1
1509924600 0 1 0 2
1509922800 0 1 0 1
1509921000 0 1 0 2
1509919200 0 1 0 1
1509917400 0 1 0 2
1509915600 0 1 0 3
1509912000 0 1 0 2
1509904800 0 0 4 3
1509897600 0 0 4 2
1509890400 0 1 0 2
1509883200 0 1 0 1
1509876000 0 1 0 10
1509868800 0 3 1 15
1509861600 0 1 0 1
1509854400 0 1 0 2
1509847200 0 1 0 2
1509840000 0 1 0 1
1509832800 0 1 0 2
1509825600 0 1 0 2
1509818400 0 0 4 5
1509811200 0 0 4 2
1509804000 0 2 0 13
1509796800 0 3 2 11
1509789600 0 1 0 2
1509782400 0 1 0 2
1509775200 0 1 0 2
1509768000 0 1 0 2
1509760800 0 1 0 2
1509753600 0 1 0 1
1509746400 0 1 0 3
1509739200 0 1 0 3
1509732000 0 0 4 3
1509724800 0 0 4 2
1509717600 0 1 0 16
1509710400 0 1 0 8
1509703200 0 3 1 13
1509696000 0 1 0 2
1509688800 0 2 0 3
1509681600 0 2 0 3
1509674400 0 2 0 3
1509667200 0 2 0 3
1509660000 0 2 4 6
1509652800 0 2 0 3
1509645600 0 1 4 4
1509638400 0 6 4 13
1509631200 0 3 1 14
1509624000 0 1 0 2
1509616800 0 1 0 2
1509609600 0 1 0 2
1509602400 0 1 0 2
1509595200 0 1 0 2
1509588000 0 1 0 1
1509580800 0 1 0 1
1509573600 0 1 0 2
1509566400 0 1 0 2
1509559200 0 0 4 3
1509552000 0 0 4 2
1509544800 0 2 0 8
1509537600 0 1 0 1
1509530400 0 1 0 12
1509523200 0 1 0 16
1509516000 0 1 0 2
1509508800 0 1 0 2
1509501600 0 1 0 2
1509494400 0 1 0 2
1509487200 0 1 0 2
1509480000 0 1 0 2
1509472800 0 0 4 3
1509465600 0 0 4 2
1509458400 0 1 1 5
1509451200 0 1 0 1
1509444000 0 1 0 2
1509436800 0 1 0 1
1509429600 0 1 0 2
1509422400 0 1 0 2
1509415200 0 1 0 2
1509408000 0 1 0 2
1509400800 0 1 0 2
1509393600 0 1 0 2
1509386400 0 0 4 3
1509379200 0 3 4 17
1509372000 0 8 0 18
1509364800 0 2 0 10
1509357600 0 2 0 3
1509350400 0 2 0 3
1509343200 0 2 0 3
1509336000 0 2 0 3
1509328800 0 2 0 3
1509321600 0 2 0 3
1509314400 0 2 0 3
1509307200 0 2 0 3
1509300000 0 1 4 4
1509292800 0 1 4 3
1509285600 0 2 0 3
1509278400 0 2 0 3
1509271200 0 2 0 3
1509264000 0 2 0 3
1509256800 0 2 0 3
1509249600 0 2 0 3
1509242400 0 2 0 3
1509235200 0 2 0 3
1509228000 0 2 0 3
1509220800 0 2 0 3
1509213600 0 1 4 4
1509206400 0 1 4 3
1509199200 0 2 0 3
1509192000 0 2 0 3
1509184800 0 2 0 3
1509177600 0 2 0 3
1509170400 0 2 0 3
1509163200 0 2 0 3
1509156000 0 2 0 3
1509148800 0 2 0 3
1509141600 0 2 0 3
1509134400 0 2 0 3
1509127200 0 1 4 4
1509120000 0 1 4 3
1509112800 0 2 0 3
1509105600 0 2 0 3
1509098400 0 2 0 3
1509091200 0 2 0 3
1509084000 0 2 0 3
1509076800 0 2 0 3
1509069600 0 2 0 3
1509062400 0 2 0 3
1509055200 0 2 0 3
1509048000 0 2 0 5
1509040800 0 1 4 5
1509033600 0 1 4 3
1509026400 0 2 0 3
1509019200 0 2 0 7
1509012000 0 3 1 16
1509004800 0 1 0 2
1508997600 0 1 1 12
1508990400 0 2 1 12
1508983200 0 1 0 1
1508976000 0 1 0 1
1508968800 0 1 0 2
1508961600 0 1 0 2
1508954400 0 0 4 2
1508947200 0 0 4 1
1508940000 0 1 0 1
1508932800 0 7 0 24
1508925600 0 4 0 13
1508918400 0 5 0 21
1508911200 0 5 0 17
1508904000 0 1 0 1
1508896800 0 1 0 1
1508889600 0 1 0 2
1508882400 0 1 0 2
1508875200 0 1 0 2
1508868000 0 0 4 3
1508860800 0 9 4 18
1508853600 0 5 0 17
1508846400 0 1 0 2
1508839200 0 6 0 14
1508832000 0 1 0 1
1508824800 0 1 0 2
1508817600 0 1 0 2
1508810400 0 1 0 1
1508803200 0 1 0 2
1508796000 0 1 0 2
1508788800 0 1 0 2
1508781600 0 0 4 3
1508774400 0 6 4 16
1508767200 0 1 0 2
1508760000 0 1 0 2
1508752800 0 4 1 21
1508745600 0 0 0 6
1508738400 0 0 0 0
1508731200 0 0 0 0
1508724000 0 0 0 0
1508716800 0 0 0 0
1508709600 0 0 0 0
1508702400 0 0 0 0
1508695200 0 0 0 0
1508688000 0 0 0 0
1508680800 0 0 0 0
1508673600 0 0 0 0
1508666400 0 0 0 0
1508659200 0 0 0 0
1508652000 0 0 0 0
1508644800 0 0 0 0
1508637600 0 0 0 0
1508630400 0 0 0 0
1508623200 0 0 0 0
1508616000 0 0 0 0
1508608800 0 0 0 0
1508601600 0 0 0 0
1508594400 0 0 0 0
1508587200 0 0 0 0
1508580000 0 0 0 0
1508572800 0 0 0 0
1508565600 0 0 0 0
1508558400 0 0 0 0
1508551200 0 0 0 0
1508544000 0 0 0 0
1508536800 0 0 0 0
1508529600 0 0 0 0
1508522400 0 0 0 0
1508515200 0 0 0 0
1508508000 0 0 0 0
1508500800 0 0 0 0
1508493600 0 0 0 0
1508486400 0 0 0 0
1508479200 0 0 0 0
1508472000 0 0 0 0
1508464800 0 0 0 0
1508457600 0 0 0 0
1508450400 0 0 0 0
1508443200 0 0 0 0
1508436000 0 0 0 0
1508428800 0 0 0 0
1508421600 0 0 0 0
1508414400 0 0 0 0
1508407200 0 0 0 0
1508400000 0 0 0 0
1508392800 0 0 0 0
1508385600 0 0 0 0
1508378400 0 0 0 0
1508371200 0 0 0 0
1508364000 0 0 0 0
1508356800 0 0 0 0
1508349600 0 0 0 0
1508342400 0 0 0 0
1508335200 0 0 0 0
1508328000 0 0 0 0
1508320800 0 0 0 0
1508313600 0 0 0 0
1508306400 0 0 0 0
1508299200 0 0 0 0
1508292000 0 0 0 0
1508284800 0 0 0 0
1508277600 0 0 0 0
1508270400 0 0 0 0
1508263200 0 0 0 0
1508256000 0 0 0 1
1508248800 0 0 0 1
1508241600 0 0 0 1
1508234400 0 0 0 1
1508227200 0 0 0 1
1508220000 0 0 0 1
1508212800 0 0 0 1
1508205600 0 0 0 1
1508198400 0 0 0 1
1508191200 0 0 0 1
1508184000 0 0 0 1
1508176800 0 0 4 2
1508169600 0 0 4 1
1508162400 0 0 0 2
1508155200 0 0 0 7
1508148000 0 6 0 13
1508140800 0 1 0 9
1508133600 0 0 1 11
1508126400 0 5 9 23
1508119200 0 3 0 16
1508112000 0 0 0 1
1508104800 0 0 0 1
1508097600 0 0 0 1
1508090400 0 0 4 1
1508083200 0 0 4 1
1508076000 0 0 0 1
1508068800 0 0 0 1
1508061600 0 0 0 1
1508054400 0 0 0 1
1508047200 0 0 0 1
1508040000 0 0 0 1
1508032800 0 0 7 8
1508025600 0 0 0 1
1508018400 0 0 0 1
1508011200 0 0 0 2
1508004000 0 0 4 10
1507996800 0 0 4 1
1507989600 0 0 0 1
1507982400 0 0 0 1
1507975200 0 0 0 1
1507968000 0 0 0 1
1507960800 0 0 0 1
1507953600 0 0 0 1
1507946400 0 0 0 1
1507939200 0 0 0 1
1507932000 0 0 0 1
1507924800 0 0 0 2
1507917600 0 0 4 4
1507910400 0 0 4 1
1507903200 0 0 0 1
1507896000 0 4 0 14
1507888800 0 3 0 10
1507881600 0 0 0 2
1507874400 0 0 0 1
1507867200 0 0 0 1
1507860000 0 0 0 1
1507852800 0 0 0 1
1507845600 0 0 0 1
1507838400 0 1 0 2
1507831200 0 0 4 2
1507824000 0 4 4 16
1507816800 2 19 25 40
1507809600 0 2 6 20
1507802400 0 4 1 20
1507795200 0 1 0 2
1507788000 0 1 0 1
1507780800 0 1 0 1
1507773600 0 1 0 1
1507766400 0 1 0 2
1507759200 0 1 0 2
1507752000 0 1 0 2
1507744800 0 0 4 3
1507737600 0 0 4 1
1507730400 0 4 0 12
1507723200 0 9 0 17
1507716000 0 6 0 12
1507708800 0 2 0 10
1507701600 0 1 0 10
1507694400 0 1 0 2
1507687200 0 1 0 2
1507680000 0 1 0 2
1507672800 0 1 0 10
1507665600 0 12 0 15
1507658400 0 8 4 15
1507651200 0 0 4 2
1507644000 0 1 0 1
1507636800 0 1 0 1
1507629600 0 1 0 1
1507622400 0 1 0 1
1507615200 0 1 0 1
1507608000 0 1 0 1
1507600800 0 1 0 1
1507593600 0 1 0 1
1507586400 0 1 0 1
1507579200 0 1 0 2
1507572000 0 0 4 2
1507564800 0 0 4 1
1507557600 0 1 0 1
1507550400 0 1 0 1
1507543200 0 1 0 1
1507536000 0 1 0 1
1507528800 0 1 0 1
1507521600 0 1 0 1
1507514400 0 1 0 2
1507507200 0 1 0 1
1507500000 0 1 0 2
1507492800 0 1 0 2
1507485600 0 0 4 2
1507478400 0 0 4 1
1507471200 0 1 0 1
1507464000 0 1 0 1
1507456800 0 1 0 1
1507449600 0 1 0 1
1507442400 0 1 0 1
1507435200 0 1 0 1
1507428000 0 1 0 2
1507420800 0 1 0 1
1507413600 0 1 0 1
1507406400 0 1 0 2
1507399200 0 0 4 2
1507392000 0 0 4 1
1507384800 0 1 0 1
1507377600 0 1 0 1
1507370400 0 1 0 1
1507363200 0 1 0 1
1507356000 0 1 0 2
1507348800 0 1 0 1
1507341600 0 1 0 2
1507334400 0 1 0 1
1507327200 0 1 0 2
1507320000 0 1 0 2
1507312800 0 0 4 2
1507305600 0 0 4 1
1507298400 0 1 0 2
1507291200 0 1 0 1
1507284000 0 1 0 2
1507276800 0 1 0 1
1507269600 0 1 0 2
1507262400 0 1 0 1
1507255200 0 1 0 2
1507248000 0 1 0 1
1507240800 0 1 0 2
1507233600 0 1 0 2
1507226400 0 0 4 2
1507219200 0 0 4 1
1507212000 0 1 0 1
1507204800 0 1 0 1
1507197600 0 1 0 1
1507190400 0 1 0 1
1507183200 0 1 0 1
1507176000 0 1 0 1
1507168800 0 1 0 1
1507161600 0 1 0 1
1507154400 0 1 0 2
1507147200 0 1 0 2
1507140000 0 0 4 3
1507132800 0 0 4 1
1507125600 0 1 0 2
1507118400 0 1 0 1
1507111200 0 1 0 2
1507104000 0 1 0 1
1507096800 0 1 0 1
1507089600 0 1 0 1
1507082400 0 1 0 1
1507075200 0 1 0 1
1507068000 0 1 0 2
1507060800 0 1 0 2
1507053600 0 0 4 3
1507046400 0 0 4 2
1507039200 0 2 0 9
1507032000 0 1 0 1
1507024800 0 1 0 1
1507017600 0 1 0 1
1507010400 0 1 0 1
1507003200 0 1 0 1
1506996000 0 1 0 2
1506988800 0 1 0 2
1506981600 0 1 0 2
1506974400 0 1 0 2
1506967200 0 0 4 3
1506960000 0 2 4 8
1506952800 0 6 0 15
1506945600 0 1 0 1
1506938400 0 2 0 8
1506931200 0 0 0 5
1506924000 0 0 0 0
1506916800 0 0 0 0
1506909600 0 0 0 0
1506902400 0 0 0 0
1506895200 0 0 0 0
1506888000 0 0 0 0
1506880800 0 0 0 0
1506873600 0 0 0 0
1506866400 0 0 0 0
1506859200 0 0 0 0
1506852000 0 0 0 0
1506844800 0 0 0 0
1506837600 0 0 0 0
1506830400 0 0 0 0
1506823200 0 0 0 0
1506816000 0 0 0 0
1506808800 0 0 0 0
1506801600 0 0 0 0
1506794400 0 0 0 0
1506787200 0 0 0 0
1506780000 0 0 0 0
1506772800 0 0 0 0
1506765600 0 0 0 0
1506758400 0 0 0 0
1506751200 0 0 0 0
1506744000 0 0 0 0
1506736800 0 0 0 0
1506729600 0 0 0 0
1506722400 0 0 0 0
1506715200 0 0 0 0
1506708000 0 0 0 0
1506700800 0 0 0 0
1506693600 0 0 0 0
1506686400 0 0 0 0
1506679200 0 0 0 0
1506672000 0 1 0 6
1506664800 0 1 0 3
1506657600 0 1 0 1
1506650400 0 1 0 1
1506643200 0 1 0 1
1506636000 0 1 0 1
1506628800 0 1 0 1
1506621600 0 0 4 2
1506614400 0 0 4 1
1506607200 0 1 0 1
1506600000 0 1 0 1
1506592800 0 1 0 1
1506585600 0 1 0 1
1506578400 0 1 0 1
1506571200 0 1 0 1
1506564000 0 1 0 1
1506556800 0 1 0 1
1506549600 0 1 0 1
1506542400 0 1 0 1
1506535200 0 0 4 2
1506528000 0 0 4 1
1506520800 0 1 0 1
1506513600 0 1 0 2
1506506400 0 0 0 2
1506499200 0 2 0 2
1506492000 0 2 0 2
1506484800 0 2 0 2
1506477600 0 2 0 2
1506470400 0 2 0 2
1506463200 0 2 0 2
1506456000 0 2 0 2
1506448800 0 2 0 2
1506441600 0 2 0 2
1506434400 0 2 0 2
1506427200 0 2 0 2
1506420000 0 2 0 2
1506412800 0 2 0 2
1506405600 0 2 0 2
1506398400 0 2 0 2
1506391200 0 2 0 2
1506384000 0 2 0 2
1506376800 0 2 0 2
1506369600 0 2 0 2
1506362400 0 2 0 2
1506355200 0 2 0 2
1506348000 0 2 0 2
1506340800 0 2 0 2
1506333600 0 2 0 2
1506326400 0 2 0 2
1506319200 0 2 0 2
1506312000 0 2 0 2
1506304800 0 2 0 2
1506297600 0 2 0 2
1506290400 0 2 0 2
1506283200 0 2 0 2
1506276000 0 2 0 2
1506268800 0 2 0 2
1506261600 0 2 0 2
1506254400 0 2 0 2
1506247200 0 2 0 2
1506240000 0 2 0 2
1506232800 0 2 0 2
1506225600 0 2 0 2
1506218400 0 2 0 2
1506211200 0 2 0 2
1506204000 0 2 0 2
1506196800 0 2 0 2
1506189600 0 2 0 2
1506182400 0 2 0 2
1506175200 0 2 0 2
1506168000 0 2 0 2
1506160800 0 2 0 2
1506153600 0 2 0 2
1506146400 0 2 0 2
1506139200 0 2 0 2
1506132000 0 2 0 2
1506124800 0 2 0 2
1506117600 0 2 0 2
1506110400 0 2 0 2
1506103200 0 2 0 2
1506096000 0 2 0 2
1506088800 0 2 0 2
1506081600 0 2 0 2
1506074400 0 2 0 2
1506067200 0 2 0 2
1506060000 0 2 0 2
1506052800 0 2 0 2
1506045600 0 2 0 2
1506038400 0 2 0 2
1506031200 0 2 0 2
1506024000 0 2 0 2
1506016800 0 2 0 2
1506009600 0 2 0 2
1506002400 0 2 0 2
1505995200 0 2 0 2
1505988000 0 2 0 2
1505980800 0 2 0 2
1505973600 0 2 0 2
1505966400 0 2 0 2
1505959200 0 2 0 2
1505952000 0 2 0 2
1505944800 0 2 0 2
1505937600 0 2 0 2
1505930400 0 2 0 2
1505923200 0 2 0 2
1505916000 0 2 0 2
1505908800 0 2 0 2
1505901600 0 2 0 2
1505894400 0 2 0 2
1505887200 0 2 0 2
1505880000 0 2 0 2
1505872800 0 2 0 2
1505865600 0 2 0 2
1505858400 0 2 0 2
1505851200 0 2 0 2
1505844000 0 2 0 2
1505836800 0 2 0 2
1505829600 0 2 0 2
1505822400 0 2 0 2
1505815200 0 2 0 2
1505808000 0 2 0 2
1505800800 0 2 0 2
1505793600 0 2 0 2
1505786400 0 2 0 2
1505779200 0 2 0 2
1505772000 0 2 0 2
1505764800 0 2 0 2
1505757600 0 2 0 2
1505750400 0 2 0 2
1505743200 0 2 0 2
1505736000 0 2 0 2
1505728800 0 2 0 2
1505721600 0 2 0 2
1505714400 0 2 0 2
1505707200 0 2 0 2
1505700000 0 2 0 2
1505692800 0 2 0 2
1505685600 0 2 0 2
1505678400 0 2 0 2
1505671200 0 2 0 2
1505664000 0 2 0 2
1505656800 0 2 0 2
1505649600 0 2 0 2
1505642400 0 2 0 2
1505635200 0 2 0 2
1505628000 0 2 0 2
1505620800 0 2 0 2
1505613600 0 2 0 2
1505606400 0 2 0 2
1505599200 0 2 0 2
1505592000 0 2 0 2
1505520000 0 2 0 2
1505433600 0 2 0 2
1505347200 0 2 0 2
1505260800 0 2 0 2
1505174400 0 2 0 2
1505088000 0 2 0 2
1505001600 0 2 0 2
1504915200 0 2 0 2
1504828800 0 2 0 2
1504742400 0 2 0 2
1504656000 0 2 0 2
1504569600 0 2 0 2
1504483200 0 2 0 2
1504396800 0 2 0 2
1504310400 0 2 0 2
1504224000 0 2 0 2
1504137600 0 2 0 2
1504051200 0 2 0 2
1503964800 0 2 0 2
1503878400 0 2 0 2
1503792000 0 2 0 2
1503705600 0 2 0 2
1503619200 0 2 0 2
1503532800 0 2 0 2
1503446400 0 2 0 2
1503360000 0 2 0 2
1503273600 0 2 0 2
1503187200 0 2 0 2
1503100800 0 2 0 2
1503014400 0 2 0 2
1502928000 0 2 0 2
1502841600 0 2 0 2
1502755200 0 2 0 2
1502668800 0 2 0 2
1502582400 0 2 0 2
1502496000 0 2 0 2
1502409600 0 2 0 2
1502323200 0 2 0 2
1502236800 0 2 0 2
1502150400 0 2 0 2
1502064000 0 2 0 2
1501977600 0 2 0 2
1501891200 0 2 0 2
1501804800 0 2 0 2
1501718400 0 2 0 2
1501632000 0 2 0 2
1501545600 0 2 0 2
1501459200 0 2 0 2
1501372800 0 2 0 2
1501286400 0 2 0 2
1501200000 0 2 0 2
1501113600 0 2 0 2
1501027200 0 2 0 2
1500940800 0 2 0 2
1500854400 0 2 0 2
1500768000 0 2 0 2
1500681600 0 2 0 2
1500595200 0 2 0 2
1500508800 0 2 0 2
1500422400 0 2 0 2
1500336000 0 2 0 2
1500249600 0 2 0 2
1500163200 0 2 0 2
1500076800 0 2 0 2
1499990400 0 2 0 2
1499904000 0 2 0 2
1499817600 0 2 0 2
1499731200 0 2 0 2
1499644800 0 2 0 2
1499558400 0 2 0 2
1499472000 0 2 0 2
1499385600 0 2 0 2
1499299200 0 2 0 2
1499212800 0 2 0 2
1499126400 0 2 0 2
1499040000 0 2 0 2
1498953600 0 2 0 2
1498867200 0 2 0 2
1498780800 0 2 0 2
1498694400 0 2 0 2
1498608000 0 2 0 2
1498521600 0 2 0 2
1498435200 0 2 0 2
1498348800 0 2 0 2
1498262400 0 2 0 2
1498176000 0 2 0 2
1498089600 0 2 0 2
1498003200 0 2 0 2
1497916800 0 2 0 2
1497830400 0 2 0 2
1497744000 0 2 0 2
1497657600 0 2 0 2
1497571200 0 2 0 2
1497484800 0 2 0 2
1497398400 0 2 0 2
1497312000 0 2 0 2
1497225600 0 2 0 2
1497139200 0 2 0 2
1497052800 0 2 0 2
1496966400 0 2 0 2
1496880000 0 2 0 2
1496793600 0 2 0 2
1496707200 0 2 0 2
1496620800 0 2 0 2
1496534400 0 2 0 2
1496448000 0 2 0 2
1496361600 0 2 0 2
1496275200 0 2 0 2
1496188800 0 2 0 2
1496102400 0 2 0 2
1496016000 0 2 0 2
1495929600 0 2 0 2
1495843200 0 2 0 2
1495756800 0 2 0 2
1495670400 0 2 0 2
1495584000 0 2 0 2
1495497600 0 2 0 2
1495411200 0 2 0 2
1495324800 0 2 0 2
1495238400 0 2 0 2
1495152000 0 2 0 2
1495065600 0 2 0 2
1494979200 0 2 0 2
1494892800 0 2 0 2
1494806400 0 2 0 2
1494720000 0 2 0 2
1494633600 0 2 0 2
1494547200 0 2 0 2
1494460800 0 2 0 2
1494374400 0 2 0 2
1494288000 0 2 0 2
1494201600 0 2 0 2
1494115200 0 2 0 2
1494028800 0 2 0 2
1493942400 0 2 0 2
1493856000 0 2 0 2
1493769600 0 2 0 2
1493683200 0 2 0 2
1493596800 0 2 0 2
1493510400 0 2 0 2
1493424000 0 2 0 2
1493337600 0 2 0 2
1493251200 0 2 0 2
1493164800 0 2 0 2
1493078400 0 2 0 2
1492992000 0 2 0 2
1492905600 0 2 0 2
1492819200 0 2 0 2
1492732800 0 2 0 2
1492646400 0 2 0 2
1492560000 0 2 0 2
1492473600 0 2 0 2
1492387200 0 2 0 2
1492300800 0 2 0 2
1492214400 0 2 0 2
1492128000 0 2 0 2
1492041600 0 2 0 2
1491955200 0 2 0 2
1491868800 0 2 0 2
1491782400 0 2 0 2
1491696000 0 2 0 2
1491609600 0 2 0 2
1491523200 0 2 0 2
1491436800 0 2 0 2
1491350400 0 2 0 2
1491264000 0 2 0 2
1491177600 0 2 0 2
1491091200 0 2 0 2
1491004800 0 2 0 2
1490918400 0 2 0 2
1490832000 0 2 0 2
1490745600 0 2 0 2
1490659200 0 2 0 2
1490572800 0 2 0 2
1490486400 0 2 0 2
1490400000 0 2 0 2
1490313600 0 2 0 2
1490227200 0 2 0 2
1490140800 0 2 0 2
1490054400 0 2 0 2
1489968000 0 2 0 2
1489881600 0 2 0 2
1489795200 0 2 0 2
1489708800 0 2 0 2
1489622400 0 2 0 2
1489536000 0 2 0 2
1489449600 0 2 0 2
1489363200 0 2 0 2
1489276800 0 2 0 2
1489190400 0 2 0 2
1489104000 0 2 0 2
1489017600 0 2 0 2
1488931200 0 2 0 2
1488844800 0 2 0 2
1488758400 0 2 0 2
1488672000 0 2 0 2
1488585600 0 2 0 2
1488499200 0 2 0 2
1488412800 0 2 0 2
1488326400 0 2 0 2
1488240000 0 2 0 2
1488153600 0 2 0 2
1488067200 0 2 0 2
1487980800 0 2 0 2
1487894400 0 2 0 2
1487808000 0 2 0 2
1487721600 0 2 0 2
1487635200 0 2 0 2
1487548800 0 2 0 2
1487462400 0 2 0 2
1487376000 0 2 0 2
1487289600 0 2 0 2
1487203200 0 2 0 2
1487116800 0 2 0 2
1487030400 0 2 0 2
1486944000 0 2 0 2
1486857600 0 2 0 2
1486771200 0 2 0 2
1486684800 0 2 0 2
1486598400 0 2 0 2
1486512000 0 2 0 2
1486425600 0 2 0 2
1486339200 0 2 0 2
1486252800 0 2 0 2
1486166400 0 2 0 2
1486080000 0 2 0 2
1485993600 0 2 0 2
1485907200 0 2 0 2
1485820800 0 2 0 2
1485734400 0 2 0 2
1485648000 0 2 0 2
1485561600 0 2 0 2
1485475200 0 2 0 2
1485388800 0 2 0 2
1485302400 0 2 0 2
1485216000 0 2 0 2
1485129600 0 2 0 2
1485043200 0 2 0 2
1484956800 0 2 0 2
1484870400 0 2 0 2
1484784000 0 2 0 2
1484697600 0 2 0 2
1484611200 0 2 0 2
1484524800 0 2 0 2
1484438400 0 2 0 2
1484352000 0 2 0 2
1484265600 0 2 0 2
1484179200 0 2 0 2
1484092800 0 2 0 2
1484006400 0 2 0 2
1483920000 0 2 0 2
1483833600 0 2 0 2
1483747200 0 2 0 2
1483660800 0 2 0 2
1483574400 0 2 0 2
1483488000 0 2 0 2
1483401600 0 2 0 2
1483315200 0 2 0 2
1483228800 0 2 0 2
1483142400 0 2 0 2
1483056000 0 2 0 2
1482969600 0 2 0 2
1482883200 0 2 0 2
1482796800 0 2 0 2
1482710400 0 2 0 2
1482624000 0 2 0 2
1482537600 0 2 0 2
1482451200 0 2 0 2
1482364800 0 2 0 2
1482278400 0 2 0 2
1482192000 0 2 0 2
1482105600 0 2 0 2
1482019200 0 2 0 2
1481932800 0 2 0 2
1481846400 0 2 0 2
1481760000 0 2 0 2
1481673600 0 2 0 2
1481587200 0 2 0 2
1481500800 0 2 0 2
1481414400 0 2 0 2
1481328000 0 2 0 2
1481241600 0 2 0 2
1481155200 0 2 0 2
1481068800 0 2 0 2
1480982400 0 2 0 2
1480896000 0 2 0 2
1480809600 0 2 0 2
1480723200 0 2 0 2
1480636800 0 2 0 2
1480550400 0 2 0 2
1480464000 0 2 0 2
1480377600 0 2 0 2
1480291200 0 2 0 2
1480204800 0 2 0 2
1480118400 0 2 0 2
1480032000 0 2 0 2
1479945600 0 2 0 2
1479859200 0 2 0 2
1479772800 0 2 0 2
1479686400 0 2 0 2
1479600000 0 2 0 2
1479513600 0 2 0 2
1479427200 0 2 0 2
1479340800 0 2 0 2
1479254400 0 2 0 2
1479168000 0 2 0 2
1479081600 0 2 0 2
1478995200 0 2 0 2
1478908800 0 2 0 2
1478822400 0 2 0 2
1478736000 0 2 0 2
1478649600 0 2 0 2
1478563200 0 2 0 2
1478476800 0 2 0 2
1478390400 0 2 0 2
1478304000 0 2 0 2
1478217600 0 2 0 2
1478131200 0 2 0 2
1478044800 0 2 0 2
1477958400 0 2 0 2
1477872000 0 2 0 2
1477785600 0 2 0 2
1477699200 0 2 0 2
1477612800 0 2 0 2
1477526400 0 2 0 2
1477440000 0 2 0 2
1477353600 0 2 0 2
1477267200 0 2 0 2
1477180800 0 2 0 2
1477094400 0 2 0 2
1477008000 0 2 0 2
1476921600 0 2 0 2
1476835200 0 2 0 2
1476748800 0 2 0 2
1476662400 0 2 0 2
1476576000 0 2 0 2
1476489600 0 2 0 2
1476403200 0 2 0 2
1476316800 0 2 0 2
1476230400 0 2 0 2
1476144000 0 2 0 2
1476057600 0 2 0 2
1475971200 0 2 0 2
1475884800 0 2 0 2
1475798400 0 2 0 2
1475712000 0 2 0 2
1475625600 0 2 0 2
1475539200 0 2 0 2
1475452800 0 2 0 2
1475366400 0 2 0 2
1475280000 0 2 0 2
1475193600 0 2 0 2
1475107200 0 2 0 2
1475020800 0 2 0 2
1474934400 0 2 0 2
1474848000 0 2 0 2
1474761600 0 2 0 2
1474675200 0 2 0 2
1474588800 0 2 0 2
1474502400 0 2 0 2
1474416000 0 2 0 2
1474329600 0 2 0 2
1474243200 0 2 0 2
1474156800 0 2 0 2
1474070400 0 2 0 2
1473984000 0 2 0 2
1473897600 0 2 0 2
1473811200 0 2 0 2
1473724800 0 2 0 2
1473638400 0 2 0 2
1473552000 0 2 0 2
1473465600 0 2 0 2
1473379200 0 2 0 2
1473292800 0 2 0 2
1473206400 0 2 0 2
1473120000 0 2 0 2
1473033600 0 2 0 2
1472947200 0 2 0 2
1472860800 0 2 0 2
1472774400 0 2 0 2
1472688000 0 2 0 2
1472601600 0 2 0 2
1472515200 0 2 0 2
1472428800 0 2 0 2
1472342400 0 2 0 2
1472256000 0 2 0 2
1472169600 0 2 0 2
1472083200 0 2 0 2
1471996800 0 2 0 2
1471910400 0 2 0 2
1471824000 0 2 0 2
1471737600 0 2 0 2
1471651200 0 2 0 2
1471564800 0 2 0 2
1471478400 0 2 0 2
1471392000 0 2 0 2
1471305600 0 2 0 2
1471219200 0 2 0 2
1471132800 0 2 0 2
1471046400 0 2 0 2
1470960000 0 2 0 2
1470873600 0 2 0 2
1470787200 0 2 0 2
1470700800 0 2 0 2
1470614400 0 2 0 2
1470528000 0 2 0 2
1470441600 0 2 0 2
1470355200 0 2 0 2
1470268800 0 2 0 2
1470182400 0 2 0 2
1470096000 0 2 0 2
1470009600 0 2 0 2
1469923200 0 2 0 2
1469836800 0 2 0 2
1469750400 0 2 0 2
1469664000 0 2 0 2
1469577600 0 2 0 2
1469491200 0 2 0 2
1469404800 0 2 0 2
1469318400 0 2 0 2
1469232000 0 2 0 2
1469145600 0 2 0 2
1469059200 0 2 0 2
1468972800 0 2 0 2
1468886400 0 2 0 2
1468800000 0 2 0 2
1468713600 0 2 0 2
1468627200 0 2 0 2
1468540800 0 2 0 2
1468454400 0 2 0 2
1468368000 0 2 0 2
1468281600 0 2 0 2
1468195200 0 2 0 2
1468108800 0 2 0 2
1468022400 0 2 0 2
1467936000 0 2 0 2
1467849600 0 2 0 2
1467763200 0 2 0 2
1467676800 0 2 0 2
1467590400 0 2 0 2
1467504000 0 2 0 2
1467417600 0 2 0 2
1467331200 0 2 0 2
1467244800 0 2 0 2
1467158400 0 2 0 2
1467072000 0 2 0 2
1466985600 0 2 0 2
1466899200 0 2 0 2
1466812800 0 2 0 2
1466726400 0 2 0 2
1466640000 0 2 0 2
1466553600 0 2 0 2
1466467200 0 2 0 2
1466380800 0 2 0 2
1466294400 0 2 0 2
1466208000 0 2 0 2
1466121600 0 2 0 2
1466035200 0 2 0 2
1465948800 0 2 0 2
1465862400 0 2 0 2
1465776000 0 2 0 2
1465689600 0 2 0 2
1465603200 0 2 0 2
1465516800 0 2 0 2
1465430400 0 2 0 2
1465344000 0 2 0 2
1465257600 0 2 0 2
1465171200 0 2 0 2
1465084800 0 2 0 2
1464998400 0 2 0 2
1464912000 0 2 0 2
1464825600 0 2 0 2
1464739200 0 2 0 2
1464652800 0 2 0 2
1464566400 0 2 0 2
1464480000 0 2 0 2
1464393600 0 2 0 2
1464307200 0 2 0 2
1464220800 0 2 0 2
1464134400 0 2 0 2
1464048000 0 2 0 2
1463961600 0 2 0 2
1463875200 0 2 0 2
1463788800 0 2 0 2
1463702400 0 2 0 2
1463616000 0 2 0 2
1463529600 0 2 0 2
1463443200 0 2 0 2
1463356800 0 2 0 2
1463270400 0 2 0 2
1463184000 0 2 0 2
1463097600 0 2 0 2
1463011200 0 2 0 2
1462924800 0 2 0 2
1462838400 0 2 0 2
1462752000 0 2 0 2
1462665600 0 2 0 2
1462579200 0 2 0 2
1462492800 0 2 0 2
1462406400 0 2 0 2
1462320000 0 2 0 2
1462233600 0 2 0 2
1462147200 0 2 0 2
1462060800 0 2 0 2
1461974400 0 2 0 2
1461888000 0 2 0 2
1461801600 0 2 0 2
1461715200 0 2 0 2
1461628800 0 2 0 2
1461542400 0 2 0 2
1461456000 0 2 0 2
1461369600 0 2 0 2
1461283200 0 2 0 2
1461196800 0 2 0 2
1461110400 0 2 0 2
1461024000 0 2 0 2
1460937600 0 2 0 2
1460851200 0 2 0 2
1460764800 0 2 0 2
1460678400 0 2 0 2
1460592000 0 2 0 2
1460505600 0 2 0 2
1460419200 0 2 0 2
1460332800 0 2 0 2
1460246400 0 2 0 2
1460160000 0 2 0 2
1460073600 0 2 0 2
1459987200 0 2 0 2
1459900800 0 2 0 2
1459814400 0 2 0 2
1459728000 0 2 0 2
1459641600 0 2 0 2
1459555200 0 2 0 2
1459468800 0 2 0 2
1459382400 0 2 0 2
1459296000 0 2 0 2
1459209600 0 2 0 2
1459123200 0 2 0 2
1459036800 0 2 0 2
1458950400 0 2 0 2
1458864000 0 2 0 2
1458777600 0 2 0 2
1458691200 0 2 0 2
1458604800 0 2 0 2
1458518400 0 2 0 2
1458432000 0 2 0 2
1458345600 0 2 0 2
1458259200 0 2 0 2
1458172800 0 2 0 2
1458086400 0 2 0 2
1458000000 0 2 0 2
1457913600 0 2 0 2
1457827200 0 2 0 2
1457740800 0 2 0 2
1457654400 0 2 0 2
1457568000 0 2 0 2
1457481600 0 2 0 2
1457395200 0 2 0 2
1457308800 0 2 0 2
1457222400 0 2 0 2
1457136000 0 2 0 2
1457049600 0 2 0 2
1456963200 0 2 0 2
1456876800 0 2 0 2
1456790400 0 2 0 2
1456704000 0 2 0 2
1456617600 0 2 0 2
1456531200 0 2 0 2
1456444800 0 2 0 2
1456358400 0 2 0 2
1456272000 0 2 0 2
1456185600 0 2 0 2
1456099200 0 2 0 2
1456012800 0 2 0 2
1455926400 0 2 0 2
1455840000 0 0 0 2
1455753600 0 0 8 1
1455667200 0 0 8 1
1455580800 0 0 8 1
1455494400 0 0 8 1
1455408000 0 0 8 1
1455321600 0 0 8 2
1455235200 0 0 8 1
1455148800 0 0 8 1
1455062400 0 0 8 1
1454976000 0 0 8 1
1454889600 0 0 8 1
1454803200 0 0 8 1
1454716800 0 0 8 1
1454630400 0 3 1 9
1454544000 0 5 0 5
1454457600 0 5 0 5
1454371200 0 5 0 5
1454284800 0 5 0 5
1454198400 0 5 0 5
1454112000 0 5 0 5
1454025600 0 5 0 5
1453939200 0 5 0 5
1453852800 0 5 0 5
1453766400 0 5 0 5
1453680000 0 5 0 5
1453593600 0 5 0 5
1453507200 0 5 0 5
1453420800 0 5 0 5
1453334400 0 5 0 5
1453248000 0 5 0 5
1453161600 0 5 0 5
1453075200 0 5 0 5
1452988800 0 5 0 5
1452902400 0 5 0 5
1452816000 0 5 0 5
1452729600 0 5 0 5
1452643200 0 5 0 5
1452556800 0 5 0 5
1452470400 0 5 0 5
1452384000 0 5 0 5
1452297600 0 5 0 5
1452211200 0 5 0 5
1452124800 0 5 0 5
1452038400 0 5 0 5
1451952000 0 5 0 5
1451865600 0 5 0 5
1451779200 0 5 0 5
1451692800 0 5 0 5
1451606400 0 5 0 5
1451520000 0 5 0 5
1451433600 0 5 0 5
1451347200 0 5 0 5
1451260800 0 5 0 5
1451174400 0 5 0 5
1451088000 0 5 0 5
1451001600 0 5 0 5
1450915200 0 5 0 5
1450828800 0 5 0 5
1450742400 0 5 0 5
1450656000 0 5 0 5
1450569600 0 5 0 5
1450483200 0 5 0 5
1450396800 0 5 0 5
1450310400 0 5 0 5
1450224000 0 5 0 5
1450137600 0 5 0 5
1450051200 0 5 0 5
1449964800 0 5 0 5
1449878400 0 5 0 5
1449792000 0 0 0 5
1449705600 0 0 8 1
1449619200 0 0 8 2
1449532800 0 0 0 0
1449446400 0 0 0 0
1449360000 0 0 0 0
1449273600 0 0 0 0
1449187200 0 0 0 0
1449100800 0 0 0 0
1449014400 0 0 0 0
1448928000 0 0 0 0
1448841600 0 0 0 0
1448755200 0 0 0 0
1448668800 0 0 0 0
1448582400 0 0 0 0
1448496000 0 0 0 0
1448409600 0 0 0 0
1448323200 0 0 0 0
1448236800 0 0 0 0
1448150400 0 0 0 0
1448064000 0 0 0 0
1447977600 0 0 0 0
1447891200 0 0 0 0
1447804800 0 0 0 0
1447718400 0 0 0 0
1447632000 0 0 0 0
1447545600 0 0 0 0
1447459200 0 0 0 0
1447372800 0 0 0 0
1447286400 0 0 0 0
1447200000 0 0 0 0
1447113600 0 0 0 0
1447027200 0 0 0 0
1446940800 0 0 0 0
1446854400 0 0 0 0
1446768000 0 0 0 0
1446681600 0 0 0 0
1446595200 0 0 0 0
1446508800 0 0 0 0
1446422400 0 0 0 0
1446336000 0 0 0 0
1446249600 0 0 0 0
1446163200 0 0 0 0
1446076800 0 0 0 0
1445990400 0 0 0 0
1445904000 0 0 0 0
1445817600 0 0 0 0
1445731200 0 0 0 0
1445644800 0 0 0 0
1445558400 0 0 0 0
1445472000 0 0 0 0
1445385600 0 0 0 0
1445299200 0 0 0 0
1445212800 0 0 0 0
1445126400 0 0 0 0
1445040000 0 0 0 0
1444953600 0 0 0 0
1444867200 0 0 0 0
1444780800 0 0 0 0
1444694400 0 0 0 0
1444608000 0 0 0 0
1444521600 0 0 0 0
1444435200 0 0 0 0
1444348800 0 0 0 0
1444262400 0 0 0 0
1444176000 0 0 0 0
1444089600 0 0 0 0
1444003200 0 0 0 0
1443916800 0 0 0 0
1443830400 0 0 0 0
1443744000 0 0 0 0
1443657600 0 0 0 0
1443571200 0 0 0 0
1443484800 0 0 0 0
1443398400 0 0 0 0
1443312000 0 0 0 0
1443225600 0 0 0 0
1443139200 0 0 0 0
1443052800 0 0 0 0
1442966400 0 0 0 0
1442880000 0 0 0 0
1442793600 0 0 0 0
1442707200 0 0 0 0
1442620800 0 0 0 0
1442534400 0 0 0 0
1442448000 0 0 0 0
1442361600 0 0 0 0
