1511175601 93 78
1511175601 93 78 93 78
1511175301 92 80 92 80
1511175300 92 80 92 80
1511175000 92 80 92 80
1511174700 92 80 92 80
1511174400 92 80 92 80
1511174100 92 80 92 80
1511173800 92 80 93 81
1511173500 93 81 93 81
1511173200 93 81 95 84
1511172900 94 83 95 84
1511172600 89 72 89 72
1511172300 89 72 89 72
1511172000 89 72 89 72
1511171700 89 72 89 72
1511171400 89 72 93 74
1511171100 93 74 93 74
1511170800 92 73 93 74
1511170500 91 71 91 71
1511170200 91 71 91 71
1511169900 91 71 91 71
1511169600 90 71 91 72
1511169300 89 72 89 72
1511169000 89 71 96 72
1511168700 96 69 96 69
1511168400 95 68 96 69
1511168100 92 68 92 68
1511167800 92 68 92 68
1511167500 92 68 92 68
1511167200 92 68 92 68
1511166900 92 68 92 68
1511166600 92 68 92 68
1511166300 92 68 92 68
1511166000 91 68 92 68
1511165700 91 68 91 68
1511165400 91 68 91 68
1511165100 91 68 91 68
1511164800 91 68 92 69
1511164500 92 69 92 69
1511164200 92 68 92 69
1511163900 92 68 92 68
1511163600 92 68 92 69
1511163300 92 69 92 69
1511163000 92 68 92 69
1511162700 92 68 92 68
1511162400 91 68 92 69
1511162100 90 69 90 69
1511161800 89 68 90 69
1511161500 89 68 89 68
1511161200 89 68 89 68
1511160900 89 68 89 68
1511160600 89 68 91 71
1511160300 91 71 91 71
1511160000 91 71 92 71
1511159700 92 71 92 71
1511159400 92 71 93 71
1511159100 93 71 93 71
1511158800 92 70 93 71
1511158500 92 70 92 70
1511158200 92 70 92 71
1511157900 92 71 92 71
1511157600 92 71 96 71
1511157300 96 71 96 71
1511157000 95 70 96 71
1511156700 91 67 91 67
1511156400 91 67 91 67
1511156100 91 67 91 67
1511155800 91 67 91 67
1511155500 91 67 91 67
1511155200 91 67 91 67
1511154900 91 67 91 67
1511154600 91 67 91 67
1511154300 91 67 91 67
1511154000 91 66 91 67
1511153700 91 66 91 66
1511153400 91 66 91 66
1511153100 91 66 91 66
1511152800 91 66 91 66
1511152500 91 66 91 66
1511152200 91 66 91 66
1511151900 91 66 91 66
1511151600 91 66 91 67
1511151300 91 67 91 67
1511151000 91 67 91 67
1511150700 91 67 91 67
1511150400 91 67 91 67
1511150100 91 67 91 67
1511149800 91 67 91 67
1511149500 91 67 91 67
1511149200 91 67 91 67
1511148900 91 67 91 67
1511148600 91 67 91 67
1511148300 91 67 91 67
1511148000 91 67 91 67
1511147700 91 67 91 67
1511147400 90 66 91 67
1511147100 90 66 90 66
1511146800 90 66 90 66
1511146500 90 66 90 66
1511146200 90 66 90 66
1511145900 90 66 90 66
1511145600 90 66 90 66
1511145300 90 66 90 66
1511145000 90 66 90 66
1511144700 90 66 90 66
1511144400 90 66 90 66
1511144100 90 66 90 66
1511143800 89 65 90 66
1511143500 89 65 89 65
1511143200 89 65 89 65
1511142900 89 65 89 65
1511142600 89 65 89 65
1511142300 89 65 89 65
1511142000 89 65 89 66
1511141700 89 66 89 66
1511141400 88 66 89 66
1511141100 88 66 88 66
1511140800 88 66 91 67
1511140500 91 67 91 67
1511140200 91 67 91 67
1511139900 91 67 91 67
1511139600 91 67 91 67
1511139300 91 67 91 67
1511139000 91 67 92 68
1511138700 92 68 92 68
1511138400 92 67 92 68
1511138100 92 67 92 67
1511137800 92 67 92 67
1511137500 92 67 92 67
1511137200 92 67 92 67
1511136900 92 67 92 67
1511136600 92 67 92 67
1511136300 92 67 92 67
1511136000 92 67 92 68
1511135700 92 68 92 68
1511135400 92 68 92 68
1511135100 92 68 92 68
1511134800 92 68 92 68
1511134500 92 68 92 68
1511134200 91 67 92 68
1511133900 91 67 91 67
1511133600 91 67 92 69
1511133300 92 69 92 69
1511133000 91 68 92 69
1511132700 91 68 91 68
1511132400 91 68 91 68
1511132100 91 68 91 68
1511131800 91 68 91 68
1511131500 91 68 91 68
1511131200 91 68 91 68
1511130900 91 68 91 68
1511130600 91 68 91 68
1511130300 91 68 91 68
1511130000 91 68 91 68
1511129700 91 68 91 68
1511129400 90 67 91 68
1511129100 90 67 90 67
1511128800 90 67 90 67
1511128500 90 67 90 67
1511128200 90 67 90 67
1511127900 90 67 90 67
1511127600 90 67 90 67
1511127300 90 67 90 67
1511127000 90 67 90 67
1511126700 90 67 90 67
1511126400 90 67 90 67
1511126100 90 67 90 67
1511125800 90 67 90 67
1511125500 90 67 90 67
1511125200 90 67 90 67
1511124900 90 67 90 67
1511124600 90 67 91 68
1511124300 91 68 91 68
1511124000 91 68 92 68
1511123700 92 68 92 68
1511123400 92 68 94 69
1511123100 94 69 94 69
1511122800 93 68 94 69
1511122500 80 68 80 68
1511122200 79 68 80 68
1511121900 79 68 79 68
1511121600 78 68 79 68
1511121300 77 68 77 68
1511121000 76 68 77 68
1511120700 75 68 75 68
1511120400 75 67 87 68
1511120100 87 61 87 61
1511119800 87 61 87 61
1511119500 87 61 87 61
1511119200 87 61 87 61
1511118900 87 61 87 61
1511118600 87 61 87 61
1511118300 87 61 87 61
1511118000 87 61 87 62
1511117700 87 62 87 62
1511117400 87 62 87 62
1511117100 87 62 87 62
1511116800 86 62 87 62
1511116500 86 62 86 62
1511116200 86 62 86 62
1511115900 86 62 86 62
1511115600 85 61 86 62
1511115300 85 61 85 61
1511115000 85 61 92 63
1511114700 92 63 92 63
1511114400 92 63 92 63
1511114100 92 63 92 63
1511113800 92 63 92 63
1511113500 92 63 92 63
1511113200 92 63 92 63
1511112900 92 63 92 63
1511112600 92 63 92 63
1511112300 92 63 92 63
1511112000 92 63 92 63
1511111700 92 63 92 63
1511111400 91 63 92 67
1511111100 91 67 91 67
1511110800 91 67 91 67
1511110500 91 67 91 67
1511110200 91 67 91 67
1511109900 91 67 91 67
1511109600 91 66 91 67
1511109300 91 66 91 66
1511109000 91 66 92 67
1511108700 92 67 92 67
1511108400 92 67 92 67
1511108100 92 67 92 68
1511107800 92 68 92 68
1511107500 92 68 92 68
1511107200 92 68 92 68
1511106900 92 68 92 68
1511106600 92 68 92 68
1511106300 92 68 92 68
1511106000 92 68 92 68
1511105700 92 68 92 68
1511105400 92 68 92 68
1511105100 92 68 92 68
1511104800 92 68 92 68
1511104500 92 68 92 68
1511104200 91 68 92 68
1511103900 91 68 91 68
1511103600 91 68 91 68
1511103300 91 68 91 68
1511103000 91 68 91 68
1511102700 91 68 91 68
1511102400 91 68 91 68
1511102100 91 68 91 68
1511101800 91 68 91 68
1511101500 91 68 91 68
1511101200 91 68 91 68
1511100900 91 68 91 68
1511100600 91 67 91 68
1511100300 91 67 91 67
1511100000 91 67 91 68
1511099700 91 68 91 68
1511099400 91 68 91 68
1511099100 91 68 91 68
1511098800 91 68 91 68
1511098500 91 68 91 68
1511098200 91 67 91 68
1511097900 91 67 91 67
1511097600 91 67 92 68
1511097300 92 68 92 68
1511097000 92 68 92 68
1511096700 92 68 92 68
1511096400 91 67 92 68
1511096100 91 67 91 67
1511095800 91 67 91 67
1511095500 91 67 91 67
1511095200 91 67 92 68
1511094900 92 68 92 68
1511094600 92 67 92 68
1511094300 92 67 92 67
1511094000 92 67 92 67
1511093700 92 67 92 67
1511093400 92 67 92 67
1511093100 92 67 92 67
1511092800 92 67 92 67
1511092500 92 67 92 67
1511092200 91 67 92 67
1511091900 91 67 91 67
1511091600 91 67 91 67
1511091300 91 67 91 67
1511091000 91 67 92 68
1511090700 92 68 92 68
1511090400 92 67 92 68
1511090100 92 67 92 67
1511089800 92 67 92 68
1511089500 92 68 92 68
1511089200 92 67 92 68
1511088900 92 67 92 67
1511088600 92 67 92 67
1511088300 92 67 92 67
1511088000 92 67 92 67
1511087700 92 67 92 67
1511087400 92 67 92 67
1511087100 92 67 92 67
1511086800 91 67 92 68
1511086500 88 68 88 68
1511086200 88 68 93 68
1511085900 93 68 93 68
1511085600 92 68 93 70
1511085300 92 70 92 70
1511085000 92 69 92 70
1511084700 92 69 92 69
1511084400 92 69 92 69
1511084100 92 69 92 69
1511083800 92 69 92 69
1511083500 92 69 92 69
1511083200 92 69 92 69
1511082900 92 69 92 69
1511082600 91 68 92 69
1511082300 91 68 91 68
1511082000 91 68 91 69
1511081700 91 69 91 69
1511081400 91 68 91 69
1511081100 91 68 91 68
1511080800 91 68 91 68
1511080500 91 68 91 68
1511080200 91 68 92 69
1511079900 92 69 92 69
1511079600 91 68 92 69
1511079300 91 68 91 68
1511079000 91 68 91 68
1511078700 91 68 91 68
1511078400 91 68 91 68
1511078100 91 68 91 68
1511077800 91 68 91 68
1511077500 91 68 91 68
1511077200 91 68 91 68
1511076900 91 68 91 68
1511076600 91 68 92 68
1511076300 92 68 92 68
1511076000 92 68 92 68
1511075700 92 68 92 68
1511075400 92 68 92 68
1511075100 92 68 92 68
1511074800 92 68 92 68
1511074500 92 68 92 68
1511074200 92 68 92 68
1511073900 92 68 92 68
1511073600 92 68 92 68
1511073300 92 68 92 68
1511073000 92 68 92 68
1511072700 92 68 92 68
1511072400 92 68 92 68
1511072100 92 68 92 68
1511071800 92 68 92 68
1511071500 92 68 92 68
1511071200 92 67 92 68
1511070900 92 67 92 67
1511070600 92 67 92 67
1511070300 92 67 92 67
1511070000 92 67 92 68
1511069700 92 68 92 68
1511069400 92 68 92 68
1511069100 92 68 92 68
1511068800 91 67 92 68
1511068500 91 67 91 67
1511068200 91 67 91 67
1511067900 91 67 91 67
1511067600 91 67 91 67
1511067300 91 67 91 67
1511067000 91 67 91 67
1511066700 91 67 91 67
1511066400 91 67 91 67
1511066100 91 67 91 67
1511065800 91 67 91 67
1511065500 91 67 91 67
1511065200 91 67 91 67
1511064900 91 67 91 67
1511064600 91 67 91 67
1511064300 91 67 91 67
1511064000 90 67 91 67
1511063700 90 67 90 67
1511063400 90 67 90 67
1511063100 90 67 90 67
1511062800 90 67 90 67
1511062500 90 67 90 67
1511062200 90 67 90 67
1511061900 90 67 90 67
1511061600 90 67 90 67
1511061300 90 67 90 67
1511061000 90 67 90 67
1511060700 90 67 90 67
1511060400 90 67 91 69
1511060100 91 69 91 69
1511059800 91 69 91 69
1511059500 91 69 91 69
1511059200 91 69 92 69
1511058900 92 69 92 69
1511058600 92 69 93 69
1511058300 93 69 93 69
1511058000 92 69 93 69
1511057700 92 69 92 69
1511057400 92 69 92 69
1511057100 92 69 92 69
1511056800 92 69 92 69
1511056500 92 69 92 69
1511056200 92 69 92 69
1511055900 92 69 92 69
1511055600 92 68 92 69
1511055300 92 68 92 68
1511055000 91 68 92 69
1511054700 88 69 88 69
1511054400 88 69 91 71
1511054100 91 71 91 71
1511053800 91 71 91 71
1511053500 91 71 91 71
1511053200 91 71 91 71
1511052900 91 71 91 71
1511052600 91 70 91 71
1511052300 91 70 91 70
1511052000 91 70 91 70
1511051700 91 70 91 70
1511051400 91 70 92 71
1511051100 92 71 92 71
1511050800 92 71 94 71
1511050500 94 71 94 71
1511050200 93 71 94 71
1511049900 91 71 91 71
1511049600 91 70 91 71
1511049300 91 70 91 70
1511049000 91 70 92 71
1511048700 92 71 92 71
1511048400 92 71 92 71
1511048100 92 71 92 71
1511047800 92 71 92 71
1511047500 92 71 92 71
1511047200 92 71 93 71
1511046900 93 71 93 71
1511046600 92 71 93 71
1511046300 91 71 91 71
1511046000 91 71 91 71
1511045700 91 71 91 71
1511045400 91 71 91 71
1511045100 91 71 91 71
1511044800 91 71 92 71
1511044500 92 71 92 71
1511044200 92 71 92 71
1511043900 92 71 92 71
1511043600 91 71 92 72
1511043300 91 72 91 72
1511043000 91 72 91 72
1511042700 91 72 91 72
1511042400 91 72 91 72
1511042100 91 72 91 72
1511041800 91 72 91 72
1511041500 91 72 91 72
1511041200 91 72 92 73
1511040900 92 73 92 73
1511040600 92 72 93 73
1511040300 93 72 93 72
1511040000 92 72 93 73
1511039700 91 73 91 73
1511039400 91 73 91 73
1511039100 91 73 91 73
1511038800 91 73 91 73
1511038500 91 73 91 73
1511038200 91 73 91 73
1511037900 91 73 91 73
1511037600 91 73 92 74
1511037300 92 74 92 74
1511037000 92 74 92 74
1511036700 92 74 92 74
1511036400 91 74 92 74
1511036100 87 74 87 74
1511035800 86 73 87 74
1511035500 85 73 85 73
1511035200 85 73 85 73
1511034900 85 73 85 73
1511034600 85 73 85 74
1511034300 85 74 85 74
1511034000 84 73 85 74
1511033700 81 73 81 73
1511033400 81 72 88 73
1511033100 88 64 88 64
1511032800 88 64 88 64
1511032500 88 64 88 64
1511032200 88 64 90 66
1511031900 90 66 90 66
1511031600 90 66 90 66
1511031300 90 66 90 66
1511031000 90 66 90 66
1511030700 90 66 90 66
1511030400 90 66 90 66
1511030100 90 66 90 66
1511029800 90 66 90 66
1511029500 90 66 90 66
1511029200 90 66 90 66
1511028900 90 66 90 66
1511028600 90 66 90 67
1511028300 90 67 90 67
1511028000 90 67 90 67
1511027700 90 67 90 67
1511027400 89 66 90 67
1511027100 89 66 89 66
1511026800 88 66 89 66
1511026500 88 66 88 66
1511026200 88 66 88 66
1511025900 88 66 88 66
1511025600 87 66 88 66
1511025300 82 66 82 66
1511025000 82 66 91 69
1511024700 91 69 91 69
1511024400 91 69 92 70
1511024100 92 70 92 70
1511023800 92 69 92 70
1511023500 92 69 92 69
1511023200 92 69 92 69
1511022900 92 69 92 69
1511022600 92 69 92 69
1511022300 92 69 92 69
1511022000 92 69 92 69
1511021700 91 68 92 69
1511021400 91 68 91 68
1511021100 91 68 91 68
1511020800 91 68 91 68
1511020500 91 68 91 68
1511020200 91 68 91 68
1511019900 91 68 91 68
1511019600 91 68 91 68
1511019300 91 68 91 68
1511019000 91 68 91 68
1511018700 91 68 91 68
1511018400 91 68 91 68
1511018100 91 68 91 68
1511017800 91 68 91 69
1511017500 91 69 91 69
1511017200 91 69 91 69
1511016900 91 69 91 69
1511016600 91 69 91 69
1511016300 91 69 91 69
1511016000 91 68 91 69
1511015700 91 68 91 68
1511015400 91 68 91 68
1511015100 91 68 91 68
1511014800 91 68 91 68
1511014500 91 68 91 68
1511014200 91 68 91 68
1511013900 91 68 91 68
1511013600 91 68 91 68
1511013300 91 68 91 68
1511013000 91 68 91 68
1511012700 91 68 91 68
1511012400 91 68 91 68
1511012100 91 68 91 68
1511011800 91 68 91 68
1511011500 91 68 91 68
1511011200 91 68 91 69
1511010900 91 69 91 69
1511010600 91 68 91 69
1511010300 91 68 91 68
1511010000 91 68 91 68
1511009700 91 68 91 68
1511009400 91 68 91 68
1511009100 91 68 91 68
1511008800 91 68 92 69
1511008500 92 69 92 69
1511008200 92 69 92 69
1511007900 92 69 92 69
1511007600 92 69 92 69
1511007300 92 69 92 69
1511007000 91 69 92 69
1511006700 89 69 89 69
1511006400 89 69 92 72
1511006100 92 72 92 72
1511005800 92 72 92 72
1511005500 92 72 92 72
1511005200 91 71 92 72
1511004900 91 71 91 71
1511004600 91 71 92 72
1511004300 92 72 92 72
1511004000 92 72 92 73
1511003700 92 73 92 73
1511003400 92 72 92 73
1511003100 92 72 92 72
1511002800 92 72 92 72
1511002500 92 72 92 72
1511002200 92 72 92 72
1511001900 92 72 92 72
1511001600 92 72 92 72
1511001300 92 72 92 72
1511001000 91 72 92 72
1511000700 91 72 91 72
1511000400 91 72 93 73
1511000100 93 73 93 73
1510999800 92 73 93 73
1510999500 92 73 92 73
1510999200 91 72 92 73
1510998900 91 72 91 72
1510998600 91 72 91 72
1510998300 91 72 91 72
1510998000 91 72 91 72
1510997700 91 72 91 72
1510997400 91 72 92 72
1510997100 92 72 92 72
1510996800 92 71 92 72
1510996500 92 71 92 71
1510996200 92 71 92 71
1510995900 92 71 92 71
1510995600 91 71 92 71
1510993800 91 71 94 72
1510992000 91 71 92 72
1510990200 91 71 92 72
1510988400 91 71 92 72
1510986600 92 72 92 72
1510984800 91 71 93 72
1510983000 90 71 92 74
1510981200 91 73 92 74
1510979400 91 73 92 74
1510977600 91 73 92 74
1510975800 91 74 92 75
1510974000 91 74 92 74
1510972200 92 73 93 75
1510970400 91 74 93 75
1510968600 91 74 92 75
1510966800 91 74 92 74
1510965000 91 74 95 75
1510963200 91 74 91 75
1510961400 90 74 92 75
1510959600 90 75 93 77
1510957800 92 77 93 78
1510956000 92 78 93 78
1510954200 91 78 93 80
1510952400 91 80 93 81
1510950600 92 81 94 85
1510948800 89 77 94 86
1510947000 91 66 92 67
1510945200 91 66 91 66
1510943400 91 66 92 67
1510941600 92 67 93 67
1510939800 91 67 93 76
1510938000 89 77 93 80
1510936200 91 79 95 80
1510934400 91 79 92 80
1510932600 91 79 92 80
1510930800 91 79 92 80
1510929000 92 79 92 80
1510927200 92 80 93 80
1510925400 91 79 93 80
1510923600 91 79 92 80
1510921800 91 79 96 80
1510920000 91 79 93 80
1510918200 92 79 93 80
1510916400 90 79 92 82
1510914600 92 81 96 88
1510912800 91 66 91 66
1510911000 91 66 91 66
1510909200 91 66 91 66
1510907400 91 66 91 66
1510905600 91 66 91 66
1510903800 91 66 91 66
1510902000 91 66 91 66
1510900200 91 66 91 66
1510898400 89 65 91 67
1510896600 89 66 92 67
1510894800 91 66 91 66
1510893000 91 66 91 66
1510891200 91 66 91 66
1510889400 91 66 92 67
1510887600 91 66 91 66
1510885800 91 66 91 66
1510884000 91 66 91 66
1510882200 91 66 91 66
1510880400 91 66 92 67
1510878600 91 66 91 66
1510876800 91 66 91 66
1510875000 90 65 91 66
1510873200 90 66 92 68
1510871400 91 67 91 67
1510869600 91 67 91 67
1510867800 90 67 91 68
1510866000 90 68 90 68
1510864200 89 67 95 69
1510862400 84 64 91 68
1510860600 90 61 91 62
1510858800 90 61 90 61
1510857000 90 61 92 63
1510855200 92 62 92 63
1510853400 87 62 92 65
1510851600 91 64 91 65
1510849800 90 64 91 65
1510848000 90 64 91 65
1510846200 91 65 91 65
1510844400 91 65 91 65
1510842600 90 64 91 65
1510840800 90 64 90 64
1510839000 90 65 92 66
1510837200 92 65 92 66
1510835400 91 64 92 66
1510833600 90 64 92 65
1510831800 90 64 93 67
1510830000 91 65 91 65
1510828200 90 65 91 65
1510826400 90 65 90 65
1510824600 90 65 90 65
1510822800 90 65 91 66
1510821000 91 65 91 66
1510819200 91 65 91 65
1510817400 90 64 91 65
1510815600 90 64 91 65
1510813800 90 64 92 66
1510812000 90 64 93 66
1510810200 90 64 90 65
1510808400 90 65 91 66
1510806600 90 65 91 66
1510804800 90 65 91 66
1510803000 90 65 90 65
1510801200 90 65 90 65
1510799400 90 65 91 66
1510797600 90 65 90 65
1510795800 89 64 90 65
1510794000 89 64 89 64
1510792200 89 64 90 65
1510790400 89 65 90 66
1510788600 89 65 89 65
1510786800 88 65 89 65
1510785000 87 65 90 66
1510783200 90 66 91 67
1510781400 91 67 91 67
1510779600 91 66 91 67
1510777800 84 66 91 67
1510776000 80 67 80 67
1510774200 85 63 91 68
1510772400 91 61 91 61
1510770600 91 60 92 61
1510768800 92 61 92 61
1510767000 86 61 92 65
1510765200 88 64 89 65
1510763400 87 64 88 64
1510761600 87 64 87 64
1510759800 86 64 87 64
1510758000 86 64 87 65
1510756200 86 64 91 66
1510754400 91 66 91 66
1510752600 91 66 91 66
1510750800 90 65 91 66
1510749000 90 65 92 66
1510747200 90 65 92 66
1510745400 90 65 90 65
1510743600 90 65 90 65
1510741800 90 65 91 66
1510740000 91 66 91 66
1510738200 91 66 91 66
1510736400 90 65 91 66
1510734600 90 65 90 66
1510732800 90 66 90 67
1510731000 88 66 90 68
1510729200 87 67 87 67
1510727400 87 67 92 68
1510725600 91 68 92 68
1510723800 91 68 91 68
1510722000 91 68 91 68
1510720200 91 68 91 68
1510718400 90 67 91 68
1510716600 91 68 91 68
1510714800 90 67 91 68
1510713000 90 67 91 68
1510711200 90 67 91 68
1510709400 91 68 91 68
1510707600 91 68 91 68
1510705800 91 68 91 68
1510704000 91 68 92 68
1510702200 91 68 92 69
1510700400 92 69 92 69
1510698600 90 69 92 71
1510696800 89 70 91 71
1510695000 91 70 95 71
1510693200 90 71 91 73
1510691400 91 72 92 73
1510689600 91 72 92 73
1510687800 91 67 95 72
1510686000 90 64 91 65
1510684200 91 65 94 68
1510682400 92 66 92 66
1510680600 87 65 92 70
1510678800 91 69 91 70
1510677000 91 69 92 71
1510675200 92 70 92 71
1510673400 92 70 92 71
1510671600 92 70 92 70
1510669800 91 70 92 70
1510668000 91 70 92 72
1510666200 91 71 95 74
1510664400 91 71 92 72
1510662600 92 71 95 72
1510660800 92 71 94 73
1510659000 91 71 92 71
1510657200 91 70 92 71
1510655400 91 71 93 71
1510653600 91 71 92 71
1510651800 91 71 92 72
1510650000 91 71 92 71
1510648200 92 70 95 71
1510646400 91 70 92 71
1510644600 89 70 93 72
1510642800 87 72 89 75
1510641000 88 74 92 75
1510639200 91 73 93 74
1510637400 91 73 92 75
1510635600 91 74 92 75
1510633800 91 74 92 75
1510632000 91 74 91 74
1510630200 90 74 92 75
1510628400 90 74 92 76
1510626600 91 75 95 76
1510624800 91 75 92 76
1510623000 91 75 92 76
1510621200 92 75 93 77
1510619400 92 77 94 77
1510617600 92 76 92 77
1510615800 92 76 92 77
1510614000 92 76 94 77
1510612200 90 76 94 79
1510610400 91 79 92 79
1510608600 91 79 93 80
1510606800 92 80 92 81
1510605000 93 81 96 89
1510603200 91 73 96 89
1510601400 91 69 91 69
1510599600 91 69 91 69
1510597800 91 68 91 69
1510596000 91 69 91 69
1510594200 92 69 95 77
1510592400 91 76 91 77
1510590600 91 76 92 77
1510588800 92 76 92 77
1510587000 92 77 95 78
1510585200 92 80 96 85
1510583400 92 79 96 84
1510581600 91 80 94 82
1510579800 92 80 95 83
1510578000 91 79 95 82
1510576200 92 82 93 83
1510574400 93 83 95 85
1510572600 92 79 96 85
1510570800 92 80 92 81
1510569000 92 81 96 81
1510567200 91 81 93 83
1510565400 93 81 96 83
1510563600 93 81 95 85
1510561800 92 81 94 85
1510560000 92 81 95 84
1510558200 92 82 96 89
1510556400 93 83 96 89
1510554600 94 84 96 88
1510552800 92 77 96 86
1510551000 90 70 92 71
1510549200 92 70 92 70
1510547400 92 70 92 71
1510545600 92 71 92 71
1510543800 92 70 92 71
1510542000 92 70 92 71
1510540200 91 70 92 71
1510538400 91 67 95 71
1510536600 90 66 91 67
1510534800 90 66 91 67
1510533000 90 66 91 67
1510531200 90 66 90 66
1510529400 90 66 90 66
1510527600 90 66 90 66
1510525800 86 66 90 66
1510524000 90 66 90 67
1510522200 90 67 90 67
1510520400 90 67 90 67
1510518600 83 67 90 67
1510516800 74 66 77 67
1510515000 82 62 90 66
1510513200 89 62 90 62
1510511400 89 62 90 63
1510509600 90 63 90 63
1510507800 85 63 91 68
1510506000 91 68 91 68
1510504200 91 67 91 68
1510502400 91 67 92 68
1510500600 91 67 92 68
1510498800 91 67 92 68
1510497000 92 68 92 69
1510495200 92 69 92 69
1510493400 92 69 92 69
1510491600 92 69 92 69
1510489800 91 68 92 69
1510488000 91 68 91 68
1510486200 91 68 91 68
1510484400 91 68 91 68
1510482600 91 68 91 69
1510480800 91 68 91 68
1510479000 91 68 91 69
1510477200 91 68 92 69
1510475400 91 68 91 68
1510473600 91 68 92 68
1510471800 91 68 92 69
1510470000 91 68 91 68
1510468200 91 68 91 68
1510466400 91 68 91 68
1510464600 91 68 93 69
1510462800 91 69 91 69
1510461000 91 69 91 69
1510459200 91 69 91 69
1510457400 91 69 91 69
1510455600 91 69 91 69
1510453800 91 69 91 69
1510452000 90 68 91 69
1510450200 90 68 90 68
1510448400 90 68 90 69
1510446600 90 69 90 69
1510444800 90 69 90 69
1510443000 90 69 90 69
1510441200 89 68 90 69
1510439400 89 68 89 68
1510437600 89 68 90 69
1510435800 90 68 95 72
1510434000 90 68 91 69
1510432200 90 68 92 70
1510430400 91 68 92 69
1510428600 88 65 92 69
1510426800 91 64 91 65
1510425000 91 64 92 65
1510423200 92 65 93 66
1510421400 87 65 92 69
1510419600 92 69 92 69
1510417800 92 69 92 70
1510416000 92 69 92 69
1510414200 91 69 94 70
1510412400 91 69 92 70
1510410600 90 69 92 71
1510408800 91 71 91 71
1510407000 91 71 92 72
1510405200 91 72 91 72
1510403400 91 72 95 73
1510401600 91 72 92 73
1510399800 91 73 92 73
1510398000 91 73 92 74
1510396200 91 73 93 74
1510394400 91 74 92 74
1510392600 92 74 92 75
1510390800 89 65 92 75
1510389000 89 64 89 64
1510387200 89 64 89 64
1510385400 87 64 89 64
1510383600 87 64 87 64
1510381800 87 64 87 64
1510380000 87 64 87 64
1510378200 86 63 91 65
1510376400 91 65 91 65
1510374600 91 65 91 65
1510372800 90 64 91 65
1510371000 90 64 91 65
1510369200 90 64 90 64
1510367400 90 64 90 64
1510365600 89 64 90 65
1510363800 89 64 89 64
1510362000 89 64 89 64
1510360200 89 64 89 64
1510358400 89 64 89 64
1510356600 89 64 89 64
1510354800 88 63 89 64
1510353000 87 63 91 67
1510351200 91 67 91 67
1510349400 90 66 91 67
1510347600 90 66 90 66
1510345800 90 66 95 67
1510344000 83 67 83 67
1510342200 85 62 91 67
1510340400 91 62 91 62
1510338600 90 61 91 62
1510336800 91 62 91 63
1510335000 91 63 91 68
1510333200 91 68 91 68
1510331400 91 68 91 68
1510329600 91 67 92 68
1510327800 92 68 93 69
1510326000 92 68 92 68
1510324200 89 68 93 69
1510322400 92 69 92 69
1510320600 92 69 92 69
1510318800 91 68 92 69
1510317000 91 68 92 69
1510315200 91 68 92 69
1510313400 91 68 92 69
1510311600 92 69 92 69
1510309800 92 69 92 69
1510308000 92 69 93 69
1510306200 92 69 92 69
1510304400 92 69 92 69
1510302600 92 68 92 69
1510300800 92 68 92 69
1510299000 92 68 92 69
1510297200 92 68 92 69
1510295400 92 68 93 70
1510293600 91 69 92 70
1510291800 91 69 92 70
1510290000 91 69 91 69
1510288200 91 69 91 69
1510286400 91 69 91 69
1510284600 91 69 91 69
1510282800 91 69 91 69
1510281000 91 69 91 69
1510279200 91 69 91 69
1510277400 91 69 91 69
1510275600 91 69 91 69
1510273800 91 69 91 69
1510272000 91 69 92 69
1510270200 90 68 93 70
1510268400 90 68 90 68
1510266600 90 67 91 68
1510264800 91 67 91 67
1510263000 91 67 91 68
1510261200 91 68 91 68
1510259400 88 67 94 69
1510257600 81 64 91 66
1510255800 90 64 91 64
1510254000 91 64 91 64
1510252200 91 64 92 65
1510250400 92 64 92 65
1510248600 87 65 92 69
1510246800 91 68 91 69
1510245000 91 68 92 69
1510243200 92 68 92 68
1510241400 91 67 92 68
1510239600 91 67 92 68
1510237800 91 68 92 69
1510236000 91 69 91 69
1510234200 91 69 91 69
1510232400 91 69 91 69
1510230600 91 69 91 69
1510228800 91 69 91 69
1510227000 91 69 91 69
1510225200 91 69 91 69
1510223400 91 69 91 69
1510221600 91 68 91 69
1510219800 91 69 91 69
1510218000 91 69 91 69
1510216200 91 69 91 69
1510214400 91 68 92 69
1510212600 92 69 92 69
1510210800 92 69 92 69
1510209000 91 69 92 71
1510207200 91 70 92 71
1510205400 91 70 91 70
1510203600 91 70 91 70
1510201800 91 70 91 70
1510200000 91 70 91 70
1510198200 91 70 91 70
1510196400 91 70 91 71
1510194600 91 70 91 71
1510192800 91 70 91 71
1510191000 91 70 91 71
1510189200 91 70 91 70
1510187400 91 70 91 71
1510185600 91 70 91 71
1510183800 91 70 91 70
1510182000 91 70 91 70
1510180200 89 70 91 71
1510178400 89 71 89 71
1510176600 89 70 91 71
1510174800 90 70 90 70
1510173000 90 70 92 71
1510171200 91 70 91 71
1510169400 91 66 94 70
1510167600 91 66 91 66
1510165800 91 66 91 66
1510164000 91 66 92 66
1510162200 87 66 92 73
1510160400 91 73 91 74
1510158600 91 73 96 77
1510156800 91 74 92 74
1510155000 91 74 95 74
1510153200 91 74 92 75
1510151400 91 74 93 75
1510149600 91 75 92 76
1510147800 91 75 92 76
1510146000 91 76 91 76
1510144200 91 75 95 76
1510142400 91 76 92 76
1510140600 91 76 92 77
1510138800 91 76 92 77
1510137000 91 76 92 77
1510135200 91 77 92 77
1510133400 91 76 93 77
1510131600 91 76 92 76
1510129800 92 75 94 76
1510128000 91 75 92 76
1510126200 91 76 92 76
1510124400 91 75 91 76
1510122600 91 75 92 77
1510120800 91 77 93 77
1510119000 91 77 95 78
1510117200 91 77 91 78
1510115400 91 77 92 78
1510113600 92 78 92 78
1510111800 92 78 93 79
1510110000 92 78 92 79
1510108200 91 78 92 79
1510106400 91 79 92 79
1510104600 91 79 93 79
1510102800 91 79 92 80
1510101000 91 79 92 80
1510099200 91 80 92 81
1510097400 92 80 96 82
1510095600 88 72 92 82
1510093800 88 63 88 64
1510092000 87 63 88 64
1510090200 88 63 91 65
1510088400 90 64 91 65
1510086600 88 64 91 65
1510084800 81 65 81 65
1510083000 83 65 91 67
1510081200 91 67 91 67
1510079400 91 66 92 67
1510077600 92 67 92 67
1510075800 87 68 92 79
1510074000 91 78 93 79
1510072200 92 79 96 80
1510070400 91 79 92 80
1510068600 92 79 93 80
1510066800 91 79 92 80
1510065000 92 80 96 81
1510063200 91 80 91 81
1510061400 91 81 94 82
1510059600 91 82 92 83
1510057800 91 82 92 83
1510056000 92 83 92 83
1510054200 91 82 92 83
1510052400 91 82 92 83
1510050600 91 82 92 83
1510048800 92 82 92 83
1510047000 92 83 92 83
1510045200 92 83 92 83
1510043400 92 83 93 84
1510041600 92 83 92 83
1510039800 92 83 92 83
1510038000 92 83 92 83
1510036200 91 77 92 83
1510034400 91 73 91 73
1510032600 91 73 91 73
1510030800 91 73 91 73
1510029000 91 73 91 73
1510027200 91 73 91 73
1510025400 91 73 91 73
1510023600 91 73 91 73
1510021800 91 73 91 73
1510020000 91 72 91 73
1510018200 91 72 91 72
1510016400 91 72 92 72
1510014600 91 72 93 72
1510012800 91 71 91 72
1510011000 91 72 95 72
1510009200 91 72 92 72
1510007400 91 72 93 73
1510005600 91 73 91 73
1510003800 91 73 93 73
1510002000 90 73 91 74
1510000200 91 74 93 74
1509998400 87 70 92 74
1509996600 92 70 92 70
1509994800 91 69 92 70
1509993000 91 69 91 70
1509991200 91 70 92 71
1509989400 92 70 94 79
1509987600 92 79 92 79
1509985800 92 79 96 79
1509984000 92 78 92 79
1509982200 92 79 96 82
1509980400 91 79 94 79
1509978600 91 79 94 80
1509976800 91 79 92 80
1509975000 92 79 95 80
1509973200 92 79 93 80
1509971400 92 80 94 81
1509969600 92 80 92 81
1509967800 91 80 93 81
1509966000 91 81 92 81
1509964200 92 81 95 82
1509962400 92 82 93 82
1509960600 92 82 92 83
1509958800 92 83 93 83
1509957000 92 83 93 84
1509955200 92 84 93 85
1509953400 93 84 96 85
1509951600 93 85 96 87
1509949800 92 77 96 87
1509948000 92 75 93 76
1509946200 92 76 95 78
1509944400 92 77 92 78
1509942600 91 77 92 78
1509940800 91 77 92 78
1509939000 91 77 92 79
1509937200 91 78 92 78
1509935400 92 78 96 79
1509933600 91 78 92 79
1509931800 92 79 92 80
1509930000 92 79 92 79
1509928200 91 79 94 80
1509926400 91 79 92 80
1509924600 92 79 94 82
1509922800 92 81 92 82
1509921000 92 81 93 82
1509919200 92 82 92 82
1509917400 92 82 95 84
1509915600 91 82 96 86
1509912000 90 75 93 77
1509904800 91 77 95 79
1509897600 91 79 95 81
1509890400 91 81 94 82
1509883200 91 81 95 83
1509876000 92 81 96 86
1509868800 92 80 96 87
1509861600 91 75 93 75
1509854400 91 75 96 76
1509847200 91 75 92 77
1509840000 91 76 92 77
1509832800 91 77 95 84
1509825600 87 64 96 85
1509818400 84 67 94 74
1509811200 90 72 92 74
1509804000 89 75 95 84
1509796800 90 79 95 89
1509789600 91 81 95 83
1509782400 91 79 94 83
1509775200 90 80 95 83
1509768000 91 81 95 83
1509760800 91 83 93 84
1509753600 90 78 95 86
1509746400 89 74 95 77
1509739200 88 74 94 76
1509732000 89 76 92 79
1509724800 89 78 93 80
1509717600 91 79 94 82
1509710400 92 80 94 82
1509703200 91 82 96 87
1509696000 91 83 96 87
1509688800 91 83 96 85
1509681600 90 80 95 87
1509674400 90 79 94 81
1509667200 90 80 94 82
1509660000 90 82 94 86
1509652800 89 72 93 85
1509645600 89 73 92 76
1509638400 88 75 94 83
1509631200 90 80 96 85
1509624000 90 80 95 85
1509616800 90 80 92 81
1509609600 90 77 94 81
1509602400 90 78 94 79
1509595200 90 78 93 79
1509588000 90 78 92 80
1509580800 90 79 95 82
1509573600 90 79 94 84
1509566400 88 70 94 83
1509559200 90 75 92 80
1509552000 90 79 94 81
1509544800 90 78 93 81
1509537600 91 79 94 82
1509530400 91 80 95 83
1509523200 91 81 96 90
1509516000 89 80 94 83
1509508800 90 82 95 87
1509501600 90 76 94 77
1509494400 91 76 94 79
1509487200 90 78 93 80
1509480000 89 69 92 80
1509472800 90 72 93 79
1509465600 89 77 94 79
1509458400 90 77 95 88
1509451200 89 77 92 79
1509444000 91 77 94 79
1509436800 90 75 94 78
1509429600 90 75 93 78
1509422400 89 76 93 79
1509415200 88 78 91 80
1509408000 90 78 93 80
1509400800 91 80 94 86
1509393600 89 74 93 87
1509386400 88 73 94 76
1509379200 87 71 93 76
1509372000 90 78 96 87
1509364800 91 79 96 88
1509357600 90 75 92 78
1509350400 90 76 94 79
1509343200 90 76 95 79
1509336000 90 77 96 79
1509328800 90 77 96 82
1509321600 90 78 96 81
1509314400 90 80 94 85
1509307200 87 65 92 83
1509300000 89 70 93 77
1509292800 90 75 95 78
1509285600 90 77 92 79
1509278400 89 77 92 79
1509271200 90 77 94 79
1509264000 90 76 94 80
1509256800 90 77 94 79
1509249600 90 78 94 80
1509242400 90 78 95 82
1509235200 91 78 95 83
1509228000 89 75 95 82
1509220800 88 65 91 72
1509213600 89 69 95 75
1509206400 90 73 92 76
1509199200 90 75 95 76
1509192000 90 75 92 77
1509184800 90 75 94 78
1509177600 90 76 95 78
1509170400 90 76 93 78
1509163200 90 77 96 79
1509156000 90 78 95 80
1509148800 90 79 94 81
1509141600 90 79 93 84
1509134400 88 70 93 84
1509127200 90 72 95 79
1509120000 90 77 96 79
1509112800 90 78 93 81
1509105600 90 79 93 81
1509098400 91 79 94 81
1509091200 90 78 96 83
1509084000 90 78 94 81
1509076800 91 80 94 83
1509069600 91 79 96 86
1509062400 90 74 92 77
1509055200 90 76 95 80
1509048000 90 72 92 78
1509040800 90 75 93 81
1509033600 90 79 96 82
1509026400 90 79 96 82
1509019200 90 81 95 83
1509012000 92 76 96 83
1509004800 91 78 96 83
1508997600 91 79 94 89
1508990400 91 77 95 83
1508983200 90 77 96 78
1508976000 90 77 96 79
1508968800 91 78 95 83
1508961600 90 74 96 84
1508954400 90 71 96 74
1508947200 91 73 93 74
1508940000 90 74 96 75
1508932800 91 77 96 86
1508925600 90 79 94 83
1508918400 91 80 96 86
1508911200 91 78 96 86
1508904000 90 76 95 78
1508896800 90 75 96 78
1508889600 90 77 92 79
1508882400 91 78 93 83
1508875200 89 70 96 83
1508868000 90 71 96 75
1508860800 89 75 95 82
1508853600 91 77 96 82
1508846400 91 79 96 83
1508839200 91 74 96 83
1508832000 91 68 92 69
1508824800 90 68 92 70
1508817600 90 70 92 71
1508810400 90 70 93 72
1508803200 91 71 95 74
1508796000 91 72 96 78
1508788800 89 70 91 77
1508781600 90 71 96 75
1508774400 88 73 92 76
1508767200 90 71 95 73
1508760000 90 72 93 74
1508752800 88 73 93 82
1508745600 92 78 94 79
1508738400 94 78 94 78
1508731200 94 78 94 78
1508724000 94 78 94 78
1508716800 94 78 94 78
1508709600 94 78 94 78
1508702400 94 78 94 78
1508695200 94 78 94 78
1508688000 94 78 94 78
1508680800 94 78 94 78
1508673600 94 78 94 78
1508666400 94 78 94 78
1508659200 94 78 94 78
1508652000 94 78 94 78
1508644800 94 78 94 78
1508637600 94 78 94 78
1508630400 94 78 94 78
1508623200 94 78 94 78
1508616000 94 78 94 78
1508608800 94 78 94 78
1508601600 94 78 94 78
1508594400 94 78 94 78
1508587200 94 78 94 78
1508580000 94 78 94 78
1508572800 94 78 94 78
1508565600 94 78 94 78
1508558400 94 78 94 78
1508551200 94 78 94 78
1508544000 94 78 94 78
1508536800 94 78 94 78
1508529600 94 78 94 78
1508522400 94 78 94 78
1508515200 94 78 94 78
1508508000 94 78 94 78
1508500800 94 78 94 78
1508493600 94 78 94 78
1508486400 94 78 94 78
1508479200 94 78 94 78
1508472000 94 78 94 78
1508464800 94 78 94 78
1508457600 94 78 94 78
1508450400 94 78 94 78
1508443200 94 78 94 78
1508436000 94 78 94 78
1508428800 94 78 94 78
1508421600 94 78 94 78
1508414400 94 78 94 78
1508407200 94 78 94 78
1508400000 94 78 94 78
1508392800 94 78 94 78
1508385600 94 78 94 78
1508378400 94 78 94 78
1508371200 94 78 94 78
1508364000 94 78 94 78
1508356800 94 78 94 78
1508349600 94 78 94 78
1508342400 94 78 94 78
1508335200 94 78 94 78
1508328000 94 78 94 78
1508320800 94 78 94 78
1508313600 94 78 94 78
1508306400 94 78 94 78
1508299200 94 78 94 78
1508292000 94 78 94 78
1508284800 94 78 94 78
1508277600 94 78 94 78
1508270400 94 78 94 78
1508263200 94 78 94 78
1508256000 94 78 96 80
1508248800 93 77 96 80
1508241600 93 78 95 81
1508234400 94 80 96 81
1508227200 93 80 95 82
1508220000 93 80 96 82
1508212800 93 82 96 84
1508205600 93 83 95 85
1508198400 93 84 96 86
1508191200 92 85 96 89
1508184000 90 73 95 89
1508176800 91 76 95 83
1508169600 93 81 95 83
1508162400 94 82 95 86
1508155200 94 85 96 88
1508148000 93 84 96 91
1508140800 94 89 96 91
1508133600 94 90 96 92
1508126400 94 89 96 92
1508119200 92 78 96 91
1508112000 89 70 91 72
1508104800 89 70 94 72
1508097600 86 66 94 72
1508090400 89 72 96 79
1508083200 94 78 96 79
1508076000 91 78 96 79
1508068800 94 79 96 80
1508061600 94 77 95 80
1508054400 94 79 95 81
1508047200 94 80 95 83
1508040000 94 83 96 85
1508032800 94 83 96 85
1508025600 94 83 95 85
1508018400 93 84 96 90
1508011200 95 90 96 92
1508004000 93 81 96 91
1507996800 94 77 95 79
1507989600 94 78 95 78
1507982400 93 78 96 80
1507975200 92 79 96 80
1507968000 94 79 96 80
1507960800 94 78 96 80
1507953600 94 80 96 83
1507946400 94 82 96 84
1507939200 94 83 96 84
1507932000 93 83 96 92
1507924800 92 88 96 92
1507917600 93 86 96 93
1507910400 93 85 96 86
1507903200 93 85 95 87
1507896000 93 85 96 89
1507888800 94 88 96 91
1507881600 94 84 96 91
1507874400 94 83 95 84
1507867200 94 83 96 85
1507860000 94 83 95 85
1507852800 94 82 95 84
1507845600 94 85 96 91
1507838400 93 82 96 90
1507831200 93 79 95 82
1507824000 91 78 96 91
1507816800 92 82 96 92
1507809600 91 81 96 89
1507802400 91 81 96 90
1507795200 91 76 93 79
1507788000 90 78 96 80
1507780800 91 79 92 80
1507773600 91 79 95 81
1507766400 91 80 94 82
1507759200 91 82 94 86
1507752000 90 74 94 88
1507744800 89 75 92 81
1507737600 91 80 94 81
1507730400 91 79 96 82
1507723200 88 77 96 84
1507716000 91 76 96 82
1507708800 91 76 94 81
1507701600 91 77 96 86
1507694400 91 79 94 81
1507687200 91 80 96 82
1507680000 91 82 96 85
1507672800 91 82 96 85
1507665600 91 80 96 88
1507658400 90 76 96 86
1507651200 91 66 92 67
1507644000 90 65 92 67
1507636800 90 65 91 67
1507629600 90 66 92 68
1507622400 90 67 92 68
1507615200 91 67 92 68
1507608000 90 66 91 68
1507600800 90 67 92 69
1507593600 89 66 92 68
1507586400 90 66 94 68
1507579200 87 62 92 68
1507572000 86 63 91 66
1507564800 89 64 91 66
1507557600 90 65 91 66
1507550400 90 65 91 66
1507543200 90 65 92 67
1507536000 90 66 92 67
1507528800 90 66 91 67
1507521600 89 65 90 67
1507514400 89 65 91 67
1507507200 90 66 92 67
1507500000 86 67 92 70
1507492800 85 63 87 70
1507485600 85 63 88 64
1507478400 87 63 88 64
1507471200 87 63 90 65
1507464000 88 64 89 65
1507456800 88 64 92 66
1507449600 88 64 91 66
1507442400 87 65 89 67
1507435200 87 65 88 67
1507428000 88 66 90 68
1507420800 88 66 89 67
1507413600 89 66 92 69
1507406400 87 64 93 69
1507399200 86 64 89 65
1507392000 87 63 89 65
1507384800 87 64 89 65
1507377600 87 64 88 65
1507370400 88 64 91 66
1507363200 87 64 91 66
1507356000 88 64 91 66
1507348800 89 64 91 66
1507341600 89 65 91 67
1507334400 90 66 92 67
1507327200 90 68 93 70
1507320000 89 65 93 70
1507312800 86 63 88 65
1507305600 85 62 86 63
1507298400 85 62 87 64
1507291200 86 63 87 64
1507284000 88 63 91 65
1507276800 88 64 92 66
1507269600 87 64 88 65
1507262400 86 63 87 65
1507255200 87 64 91 66
1507248000 89 64 92 66
1507240800 88 67 91 69
1507233600 85 63 87 69
1507226400 85 64 88 65
1507219200 86 64 87 66
1507212000 87 65 90 67
1507204800 88 66 89 67
1507197600 89 66 92 68
1507190400 87 66 92 69
1507183200 88 66 91 69
1507176000 89 67 90 68
1507168800 89 68 91 70
1507161600 90 69 92 71
1507154400 90 70 92 72
1507147200 88 65 90 72
1507140000 88 67 92 70
1507132800 91 69 92 70
1507125600 91 69 92 71
1507118400 91 69 92 70
1507111200 90 69 92 71
1507104000 90 69 92 70
1507096800 90 70 92 71
1507089600 91 70 92 72
1507082400 91 71 92 72
1507075200 91 72 94 73
1507068000 91 73 92 76
1507060800 90 70 92 76
1507053600 91 72 96 75
1507046400 91 74 96 76
1507039200 90 74 96 81
1507032000 90 73 92 75
1507024800 91 74 93 76
1507017600 91 73 95 76
1507010400 91 74 96 76
1507003200 91 75 96 77
1506996000 90 75 93 77
1506988800 91 77 93 79
1506981600 91 80 94 85
1506974400 90 66 93 85
1506967200 91 73 94 80
1506960000 91 79 96 84
1506952800 91 78 95 85
1506945600 90 78 95 81
1506938400 91 78 96 81
1506931200 92 79 93 82
1506924000 93 79 93 79
1506916800 93 79 93 79
1506909600 93 79 93 79
1506902400 93 79 93 79
1506895200 93 79 93 79
1506888000 93 79 93 79
1506880800 93 79 93 79
1506873600 93 79 93 79
1506866400 93 79 93 79
1506859200 93 79 93 79
1506852000 93 79 93 79
1506844800 93 79 93 79
1506837600 93 79 93 79
1506830400 93 79 93 79
1506823200 93 79 93 79
1506816000 93 79 93 79
1506808800 93 79 93 79
1506801600 93 79 93 79
1506794400 93 79 93 79
1506787200 93 79 93 79
1506780000 93 79 93 79
1506772800 93 79 93 79
1506765600 93 79 93 79
1506758400 93 79 93 79
1506751200 93 79 93 79
1506744000 93 79 93 79
1506736800 93 79 93 79
1506729600 93 79 93 79
1506722400 93 79 93 79
1506715200 93 79 93 79
1506708000 93 79 93 79
1506700800 93 79 93 79
1506693600 93 79 93 79
1506686400 93 79 93 79
1506679200 93 79 93 79
1506672000 93 78 96 82
1506664800 79 55 93 77
1506657600 78 53 78 53
1506650400 78 53 81 56
1506643200 77 52 78 53
1506636000 77 52 78 54
1506628800 76 52 78 54
1506621600 77 53 79 54
1506614400 78 53 79 54
1506607200 78 53 78 53
1506600000 78 53 78 53
1506592800 78 53 79 54
1506585600 78 53 78 53
1506578400 78 53 78 53
1506571200 78 53 78 53
1506564000 78 53 78 53
1506556800 78 53 78 53
1506549600 77 53 80 56
1506542400 76 53 80 56
1506535200 79 53 83 54
1506528000 82 53 82 53
1506520800 79 53 82 53
1506513600 76 53 78 54
1506506400 73 51 87 59
1506499200 87 59 87 59
1506492000 87 59 87 59
1506484800 87 59 87 59
1506477600 87 59 87 59
1506470400 87 59 87 59
1506463200 87 59 87 59
1506456000 87 59 87 59
1506448800 87 59 87 59
1506441600 87 59 87 59
1506434400 87 59 87 59
1506427200 87 59 87 59
1506420000 87 59 87 59
1506412800 87 59 87 59
1506405600 87 59 87 59
1506398400 87 59 87 59
1506391200 87 59 87 59
1506384000 87 59 87 59
1506376800 87 59 87 59
1506369600 87 59 87 59
1506362400 87 59 87 59
1506355200 87 59 87 59
1506348000 87 59 87 59
1506340800 87 59 87 59
1506333600 87 59 87 59
1506326400 87 59 87 59
1506319200 87 59 87 59
1506312000 87 59 87 59
1506304800 87 59 87 59
1506297600 87 59 87 59
1506290400 87 59 87 59
1506283200 87 59 87 59
1506276000 87 59 87 59
1506268800 87 59 87 59
1506261600 87 59 87 59
1506254400 87 59 87 59
1506247200 87 59 87 59
1506240000 87 59 87 59
1506232800 87 59 87 59
1506225600 87 59 87 59
1506218400 87 59 87 59
1506211200 87 59 87 59
1506204000 87 59 87 59
1506196800 87 59 87 59
1506189600 87 59 87 59
1506182400 87 59 87 59
1506175200 87 59 87 59
1506168000 87 59 87 59
1506160800 87 59 87 59
1506153600 87 59 87 59
1506146400 87 59 87 59
1506139200 87 59 87 59
1506132000 87 59 87 59
1506124800 87 59 87 59
1506117600 87 59 87 59
1506110400 87 59 87 59
1506103200 87 59 87 59
1506096000 87 59 87 59
1506088800 87 59 87 59
1506081600 87 59 87 59
1506074400 87 59 87 59
1506067200 87 59 87 59
1506060000 87 59 87 59
1506052800 87 59 87 59
1506045600 87 59 87 59
1506038400 87 59 87 59
1506031200 87 59 87 59
1506024000 87 59 87 59
1506016800 87 59 87 59
1506009600 87 59 87 59
1506002400 87 59 87 59
1505995200 87 59 87 59
1505988000 87 59 87 59
1505980800 87 59 87 59
1505973600 87 59 87 59
1505966400 87 59 87 59
1505959200 87 59 87 59
1505952000 87 59 87 59
1505944800 87 59 87 59
1505937600 87 59 87 59
1505930400 87 59 87 59
1505923200 87 59 87 59
1505916000 87 59 87 59
1505908800 87 59 87 59
1505901600 87 59 87 59
1505894400 87 59 87 59
1505887200 87 59 87 59
1505880000 87 59 87 59
1505872800 87 59 87 59
1505865600 87 59 87 59
1505858400 87 59 87 59
1505851200 87 59 87 59
1505844000 87 59 87 59
1505836800 87 59 87 59
1505829600 87 59 87 59
1505822400 87 59 87 59
1505815200 87 59 87 59
1505808000 87 59 87 59
1505800800 87 59 87 59
1505793600 87 59 87 59
1505786400 87 59 87 59
1505779200 87 59 87 59
1505772000 87 59 87 59
1505764800 87 59 87 59
1505757600 87 59 87 59
1505750400 87 59 87 59
1505743200 87 59 87 59
1505736000 87 59 87 59
1505728800 87 59 87 59
1505721600 87 59 87 59
1505714400 87 59 87 59
1505707200 87 59 87 59
1505700000 87 59 87 59
1505692800 87 59 87 59
1505685600 87 59 87 59
1505678400 87 59 87 59
1505671200 87 59 87 59
1505664000 87 59 87 59
1505656800 87 59 87 59
1505649600 87 59 87 59
1505642400 87 59 87 59
1505635200 87 59 87 59
1505628000 87 59 87 59
1505620800 87 59 87 59
1505613600 87 59 87 59
1505606400 87 59 87 59
1505599200 87 59 87 59
1505592000 87 59 87 59
1505520000 87 59 87 59
1505433600 87 59 87 59
1505347200 87 59 87 59
1505260800 87 59 87 59
1505174400 87 59 87 59
1505088000 87 59 87 59
1505001600 87 59 87 59
1504915200 87 59 87 59
1504828800 87 59 87 59
1504742400 87 59 87 59
1504656000 87 59 87 59
1504569600 87 59 87 59
1504483200 87 59 87 59
1504396800 87 59 87 59
1504310400 87 59 87 59
1504224000 87 59 87 59
1504137600 87 59 87 59
1504051200 87 59 87 59
1503964800 87 59 87 59
1503878400 87 59 87 59
1503792000 87 59 87 59
1503705600 87 59 87 59
1503619200 87 59 87 59
1503532800 87 59 87 59
1503446400 87 59 87 59
1503360000 87 59 87 59
1503273600 87 59 87 59
1503187200 87 59 87 59
1503100800 87 59 87 59
1503014400 87 59 87 59
1502928000 87 59 87 59
1502841600 87 59 87 59
1502755200 87 59 87 59
1502668800 87 59 87 59
1502582400 87 59 87 59
1502496000 87 59 87 59
1502409600 87 59 87 59
1502323200 87 59 87 59
1502236800 87 59 87 59
1502150400 87 59 87 59
1502064000 87 59 87 59
1501977600 87 59 87 59
1501891200 87 59 87 59
1501804800 87 59 87 59
1501718400 87 59 87 59
1501632000 87 59 87 59
1501545600 87 59 87 59
1501459200 87 59 87 59
1501372800 87 59 87 59
1501286400 87 59 87 59
1501200000 87 59 87 59
1501113600 87 59 87 59
1501027200 87 59 87 59
1500940800 87 59 87 59
1500854400 87 59 87 59
1500768000 87 59 87 59
1500681600 87 59 87 59
1500595200 87 59 87 59
1500508800 87 59 87 59
1500422400 87 59 87 59
1500336000 87 59 87 59
1500249600 87 59 87 59
1500163200 87 59 87 59
1500076800 87 59 87 59
1499990400 87 59 87 59
1499904000 87 59 87 59
1499817600 87 59 87 59
1499731200 87 59 87 59
1499644800 87 59 87 59
1499558400 87 59 87 59
1499472000 87 59 87 59
1499385600 87 59 87 59
1499299200 87 59 87 59
1499212800 87 59 87 59
1499126400 87 59 87 59
1499040000 87 59 87 59
1498953600 87 59 87 59
1498867200 87 59 87 59
1498780800 87 59 87 59
1498694400 87 59 87 59
1498608000 87 59 87 59
1498521600 87 59 87 59
1498435200 87 59 87 59
1498348800 87 59 87 59
1498262400 87 59 87 59
1498176000 87 59 87 59
1498089600 87 59 87 59
1498003200 87 59 87 59
1497916800 87 59 87 59
1497830400 87 59 87 59
1497744000 87 59 87 59
1497657600 87 59 87 59
1497571200 87 59 87 59
1497484800 87 59 87 59
1497398400 87 59 87 59
1497312000 87 59 87 59
1497225600 87 59 87 59
1497139200 87 59 87 59
1497052800 87 59 87 59
1496966400 87 59 87 59
1496880000 87 59 87 59
1496793600 87 59 87 59
1496707200 87 59 87 59
1496620800 87 59 87 59
1496534400 87 59 87 59
1496448000 87 59 87 59
1496361600 87 59 87 59
1496275200 87 59 87 59
1496188800 87 59 87 59
1496102400 87 59 87 59
1496016000 87 59 87 59
1495929600 87 59 87 59
1495843200 87 59 87 59
1495756800 87 59 87 59
1495670400 87 59 87 59
1495584000 87 59 87 59
1495497600 87 59 87 59
1495411200 87 59 87 59
1495324800 87 59 87 59
1495238400 87 59 87 59
1495152000 87 59 87 59
1495065600 87 59 87 59
1494979200 87 59 87 59
1494892800 87 59 87 59
1494806400 87 59 87 59
1494720000 87 59 87 59
1494633600 87 59 87 59
1494547200 87 59 87 59
1494460800 87 59 87 59
1494374400 87 59 87 59
1494288000 87 59 87 59
1494201600 87 59 87 59
1494115200 87 59 87 59
1494028800 87 59 87 59
1493942400 87 59 87 59
1493856000 87 59 87 59
1493769600 87 59 87 59
1493683200 87 59 87 59
1493596800 87 59 87 59
1493510400 87 59 87 59
1493424000 87 59 87 59
1493337600 87 59 87 59
1493251200 87 59 87 59
1493164800 87 59 87 59
1493078400 87 59 87 59
1492992000 87 59 87 59
1492905600 87 59 87 59
1492819200 87 59 87 59
1492732800 87 59 87 59
1492646400 87 59 87 59
1492560000 87 59 87 59
1492473600 87 59 87 59
1492387200 87 59 87 59
1492300800 87 59 87 59
1492214400 87 59 87 59
1492128000 87 59 87 59
1492041600 87 59 87 59
1491955200 87 59 87 59
1491868800 87 59 87 59
1491782400 87 59 87 59
1491696000 87 59 87 59
1491609600 87 59 87 59
1491523200 87 59 87 59
1491436800 87 59 87 59
1491350400 87 59 87 59
1491264000 87 59 87 59
1491177600 87 59 87 59
1491091200 87 59 87 59
1491004800 87 59 87 59
1490918400 87 59 87 59
1490832000 87 59 87 59
1490745600 87 59 87 59
1490659200 87 59 87 59
1490572800 87 59 87 59
1490486400 87 59 87 59
1490400000 87 59 87 59
1490313600 87 59 87 59
1490227200 87 59 87 59
1490140800 87 59 87 59
1490054400 87 59 87 59
1489968000 87 59 87 59
1489881600 87 59 87 59
1489795200 87 59 87 59
1489708800 87 59 87 59
1489622400 87 59 87 59
1489536000 87 59 87 59
1489449600 87 59 87 59
1489363200 87 59 87 59
1489276800 87 59 87 59
1489190400 87 59 87 59
1489104000 87 59 87 59
1489017600 87 59 87 59
1488931200 87 59 87 59
1488844800 87 59 87 59
1488758400 87 59 87 59
1488672000 87 59 87 59
1488585600 87 59 87 59
1488499200 87 59 87 59
1488412800 87 59 87 59
1488326400 87 59 87 59
1488240000 87 59 87 59
1488153600 87 59 87 59
1488067200 87 59 87 59
1487980800 87 59 87 59
1487894400 87 59 87 59
1487808000 87 59 87 59
1487721600 87 59 87 59
1487635200 87 59 87 59
1487548800 87 59 87 59
1487462400 87 59 87 59
1487376000 87 59 87 59
1487289600 87 59 87 59
1487203200 87 59 87 59
1487116800 87 59 87 59
1487030400 87 59 87 59
1486944000 87 59 87 59
1486857600 87 59 87 59
1486771200 87 59 87 59
1486684800 87 59 87 59
1486598400 87 59 87 59
1486512000 87 59 87 59
1486425600 87 59 87 59
1486339200 87 59 87 59
1486252800 87 59 87 59
1486166400 87 59 87 59
1486080000 87 59 87 59
1485993600 87 59 87 59
1485907200 87 59 87 59
1485820800 87 59 87 59
1485734400 87 59 87 59
1485648000 87 59 87 59
1485561600 87 59 87 59
1485475200 87 59 87 59
1485388800 87 59 87 59
1485302400 87 59 87 59
1485216000 87 59 87 59
1485129600 87 59 87 59
1485043200 87 59 87 59
1484956800 87 59 87 59
1484870400 87 59 87 59
1484784000 87 59 87 59
1484697600 87 59 87 59
1484611200 87 59 87 59
1484524800 87 59 87 59
1484438400 87 59 87 59
1484352000 87 59 87 59
1484265600 87 59 87 59
1484179200 87 59 87 59
1484092800 87 59 87 59
1484006400 87 59 87 59
1483920000 87 59 87 59
1483833600 87 59 87 59
1483747200 87 59 87 59
1483660800 87 59 87 59
1483574400 87 59 87 59
1483488000 87 59 87 59
1483401600 87 59 87 59
1483315200 87 59 87 59
1483228800 87 59 87 59
1483142400 87 59 87 59
1483056000 87 59 87 59
1482969600 87 59 87 59
1482883200 87 59 87 59
1482796800 87 59 87 59
1482710400 87 59 87 59
1482624000 87 59 87 59
1482537600 87 59 87 59
1482451200 87 59 87 59
1482364800 87 59 87 59
1482278400 87 59 87 59
1482192000 87 59 87 59
1482105600 87 59 87 59
1482019200 87 59 87 59
1481932800 87 59 87 59
1481846400 87 59 87 59
1481760000 87 59 87 59
1481673600 87 59 87 59
1481587200 87 59 87 59
1481500800 87 59 87 59
1481414400 87 59 87 59
1481328000 87 59 87 59
1481241600 87 59 87 59
1481155200 87 59 87 59
1481068800 87 59 87 59
1480982400 87 59 87 59
1480896000 87 59 87 59
1480809600 87 59 87 59
1480723200 87 59 87 59
1480636800 87 59 87 59
1480550400 87 59 87 59
1480464000 87 59 87 59
1480377600 87 59 87 59
1480291200 87 59 87 59
1480204800 87 59 87 59
1480118400 87 59 87 59
1480032000 87 59 87 59
1479945600 87 59 87 59
1479859200 87 59 87 59
1479772800 87 59 87 59
1479686400 87 59 87 59
1479600000 87 59 87 59
1479513600 87 59 87 59
1479427200 87 59 87 59
1479340800 87 59 87 59
1479254400 87 59 87 59
1479168000 87 59 87 59
1479081600 87 59 87 59
1478995200 87 59 87 59
1478908800 87 59 87 59
1478822400 87 59 87 59
1478736000 87 59 87 59
1478649600 87 59 87 59
1478563200 87 59 87 59
1478476800 87 59 87 59
1478390400 87 59 87 59
1478304000 87 59 87 59
1478217600 87 59 87 59
1478131200 87 59 87 59
1478044800 87 59 87 59
1477958400 87 59 87 59
1477872000 87 59 87 59
1477785600 87 59 87 59
1477699200 87 59 87 59
1477612800 87 59 87 59
1477526400 87 59 87 59
1477440000 87 59 87 59
1477353600 87 59 87 59
1477267200 87 59 87 59
1477180800 87 59 87 59
1477094400 87 59 87 59
1477008000 87 59 87 59
1476921600 87 59 87 59
1476835200 87 59 87 59
1476748800 87 59 87 59
1476662400 87 59 87 59
1476576000 87 59 87 59
1476489600 87 59 87 59
1476403200 87 59 87 59
1476316800 87 59 87 59
1476230400 87 59 87 59
1476144000 87 59 87 59
1476057600 87 59 87 59
1475971200 87 59 87 59
1475884800 87 59 87 59
1475798400 87 59 87 59
1475712000 87 59 87 59
1475625600 87 59 87 59
1475539200 87 59 87 59
1475452800 87 59 87 59
1475366400 87 59 87 59
1475280000 87 59 87 59
1475193600 87 59 87 59
1475107200 87 59 87 59
1475020800 87 59 87 59
1474934400 87 59 87 59
1474848000 87 59 87 59
1474761600 87 59 87 59
1474675200 87 59 87 59
1474588800 87 59 87 59
1474502400 87 59 87 59
1474416000 87 59 87 59
1474329600 87 59 87 59
1474243200 87 59 87 59
1474156800 87 59 87 59
1474070400 87 59 87 59
1473984000 87 59 87 59
1473897600 87 59 87 59
1473811200 87 59 87 59
1473724800 87 59 87 59
1473638400 87 59 87 59
1473552000 87 59 87 59
1473465600 87 59 87 59
1473379200 87 59 87 59
1473292800 87 59 87 59
1473206400 87 59 87 59
1473120000 87 59 87 59
1473033600 87 59 87 59
1472947200 87 59 87 59
1472860800 87 59 87 59
1472774400 87 59 87 59
1472688000 87 59 87 59
1472601600 87 59 87 59
1472515200 87 59 87 59
1472428800 87 59 87 59
1472342400 87 59 87 59
1472256000 87 59 87 59
1472169600 87 59 87 59
1472083200 87 59 87 59
1471996800 87 59 87 59
1471910400 87 59 87 59
1471824000 87 59 87 59
1471737600 87 59 87 59
1471651200 87 59 87 59
1471564800 87 59 87 59
1471478400 87 59 87 59
1471392000 87 59 87 59
1471305600 87 59 87 59
1471219200 87 59 87 59
1471132800 87 59 87 59
1471046400 87 59 87 59
1470960000 87 59 87 59
1470873600 87 59 87 59
1470787200 87 59 87 59
1470700800 87 59 87 59
1470614400 87 59 87 59
1470528000 87 59 87 59
1470441600 87 59 87 59
1470355200 87 59 87 59
1470268800 87 59 87 59
1470182400 87 59 87 59
1470096000 87 59 87 59
1470009600 87 59 87 59
1469923200 87 59 87 59
1469836800 87 59 87 59
1469750400 87 59 87 59
1469664000 87 59 87 59
1469577600 87 59 87 59
1469491200 87 59 87 59
1469404800 87 59 87 59
1469318400 87 59 87 59
1469232000 87 59 87 59
1469145600 87 59 87 59
1469059200 87 59 87 59
1468972800 87 59 87 59
1468886400 87 59 87 59
1468800000 87 59 87 59
1468713600 87 59 87 59
1468627200 87 59 87 59
1468540800 87 59 87 59
1468454400 87 59 87 59
1468368000 87 59 87 59
1468281600 87 59 87 59
1468195200 87 59 87 59
1468108800 87 59 87 59
1468022400 87 59 87 59
1467936000 87 59 87 59
1467849600 87 59 87 59
1467763200 87 59 87 59
1467676800 87 59 87 59
1467590400 87 59 87 59
1467504000 87 59 87 59
1467417600 87 59 87 59
1467331200 87 59 87 59
1467244800 87 59 87 59
1467158400 87 59 87 59
1467072000 87 59 87 59
1466985600 87 59 87 59
1466899200 87 59 87 59
1466812800 87 59 87 59
1466726400 87 59 87 59
1466640000 87 59 87 59
1466553600 87 59 87 59
1466467200 87 59 87 59
1466380800 87 59 87 59
1466294400 87 59 87 59
1466208000 87 59 87 59
1466121600 87 59 87 59
1466035200 87 59 87 59
1465948800 87 59 87 59
1465862400 87 59 87 59
1465776000 87 59 87 59
1465689600 87 59 87 59
1465603200 87 59 87 59
1465516800 87 59 87 59
1465430400 87 59 87 59
1465344000 87 59 87 59
1465257600 87 59 87 59
1465171200 87 59 87 59
1465084800 87 59 87 59
1464998400 87 59 87 59
1464912000 87 59 87 59
1464825600 87 59 87 59
1464739200 87 59 87 59
1464652800 87 59 87 59
1464566400 87 59 87 59
1464480000 87 59 87 59
1464393600 87 59 87 59
1464307200 87 59 87 59
1464220800 87 59 87 59
1464134400 87 59 87 59
1464048000 87 59 87 59
1463961600 87 59 87 59
1463875200 87 59 87 59
1463788800 87 59 87 59
1463702400 87 59 87 59
1463616000 87 59 87 59
1463529600 87 59 87 59
1463443200 87 59 87 59
1463356800 87 59 87 59
1463270400 87 59 87 59
1463184000 87 59 87 59
1463097600 87 59 87 59
1463011200 87 59 87 59
1462924800 87 59 87 59
1462838400 87 59 87 59
1462752000 87 59 87 59
1462665600 87 59 87 59
1462579200 87 59 87 59
1462492800 87 59 87 59
1462406400 87 59 87 59
1462320000 87 59 87 59
1462233600 87 59 87 59
1462147200 87 59 87 59
1462060800 87 59 87 59
1461974400 87 59 87 59
1461888000 87 59 87 59
1461801600 87 59 87 59
1461715200 87 59 87 59
1461628800 87 59 87 59
1461542400 87 59 87 59
1461456000 87 59 87 59
1461369600 87 59 87 59
1461283200 87 59 87 59
1461196800 87 59 87 59
1461110400 87 59 87 59
1461024000 87 59 87 59
1460937600 87 59 87 59
1460851200 87 59 87 59
1460764800 87 59 87 59
1460678400 87 59 87 59
1460592000 87 59 87 59
1460505600 87 59 87 59
1460419200 87 59 87 59
1460332800 87 59 87 59
1460246400 87 59 87 59
1460160000 87 59 87 59
1460073600 87 59 87 59
1459987200 87 59 87 59
1459900800 87 59 87 59
1459814400 87 59 87 59
1459728000 87 59 87 59
1459641600 87 59 87 59
1459555200 87 59 87 59
1459468800 87 59 87 59
1459382400 87 59 87 59
1459296000 87 59 87 59
1459209600 87 59 87 59
1459123200 87 59 87 59
1459036800 87 59 87 59
1458950400 87 59 87 59
1458864000 87 59 87 59
1458777600 87 59 87 59
1458691200 87 59 87 59
1458604800 87 59 87 59
1458518400 87 59 87 59
1458432000 87 59 87 59
1458345600 87 59 87 59
1458259200 87 59 87 59
1458172800 87 59 87 59
1458086400 87 59 87 59
1458000000 87 59 87 59
1457913600 87 59 87 59
1457827200 87 59 87 59
1457740800 87 59 87 59
1457654400 87 59 87 59
1457568000 87 59 87 59
1457481600 87 59 87 59
1457395200 87 59 87 59
1457308800 87 59 87 59
1457222400 87 59 87 59
1457136000 87 59 87 59
1457049600 87 59 87 59
1456963200 87 59 87 59
1456876800 87 59 87 59
1456790400 87 59 87 59
1456704000 87 59 87 59
1456617600 87 59 87 59
1456531200 87 59 87 59
1456444800 87 59 87 59
1456358400 87 59 87 59
1456272000 87 59 87 59
1456185600 87 59 87 59
1456099200 87 59 87 59
1456012800 87 59 87 59
1455926400 87 59 87 59
1455840000 78 50 92 59
1455753600 76 49 77 50
1455667200 77 49 79 52
1455580800 79 50 80 51
1455494400 78 50 80 51
1455408000 78 50 81 54
1455321600 78 51 80 52
1455235200 79 51 80 53
1455148800 78 52 79 53
1455062400 81 53 82 54
1454976000 82 53 83 55
1454889600 82 55 86 57
1454803200 86 58 89 60
1454716800 84 61 90 65
1454630400 88 63 95 67
1454544000 90 66 90 66
1454457600 90 66 90 66
1454371200 90 66 90 66
1454284800 90 66 90 66
1454198400 90 66 90 66
1454112000 90 66 90 66
1454025600 90 66 90 66
1453939200 90 66 90 66
1453852800 90 66 90 66
1453766400 90 66 90 66
1453680000 90 66 90 66
1453593600 90 66 90 66
1453507200 90 66 90 66
1453420800 90 66 90 66
1453334400 90 66 90 66
1453248000 90 66 90 66
1453161600 90 66 90 66
1453075200 90 66 90 66
1452988800 90 66 90 66
1452902400 90 66 90 66
1452816000 90 66 90 66
1452729600 90 66 90 66
1452643200 90 66 90 66
1452556800 90 66 90 66
1452470400 90 66 90 66
1452384000 90 66 90 66
1452297600 90 66 90 66
1452211200 90 66 90 66
1452124800 90 66 90 66
1452038400 90 66 90 66
1451952000 90 66 90 66
1451865600 90 66 90 66
1451779200 90 66 90 66
1451692800 90 66 90 66
1451606400 90 66 90 66
1451520000 90 66 90 66
1451433600 90 66 90 66
1451347200 90 66 90 66
1451260800 90 66 90 66
1451174400 90 66 90 66
1451088000 90 66 90 66
1451001600 90 66 90 66
1450915200 90 66 90 66
1450828800 90 66 90 66
1450742400 90 66 90 66
1450656000 90 66 90 66
1450569600 90 66 90 66
1450483200 90 66 90 66
1450396800 90 66 90 66
1450310400 90 66 90 66
1450224000 90 66 90 66
1450137600 90 66 90 66
1450051200 90 66 90 66
1449964800 90 66 90 66
1449878400 90 66 90 66
1449792000 90 66 94 72
1449705600 90 65 96 71
1449619200 89 60 95 77
1449532800 91 59 91 59
1449446400 91 59 91 59
1449360000 91 59 91 59
1449273600 91 59 91 59
1449187200 91 59 91 59
1449100800 91 59 91 59
1449014400 91 59 91 59
1448928000 91 59 91 59
1448841600 91 59 91 59
1448755200 91 59 91 59
1448668800 91 59 91 59
1448582400 91 59 91 59
1448496000 91 59 91 59
1448409600 91 59 91 59
1448323200 91 59 91 59
1448236800 91 59 91 59
1448150400 91 59 91 59
1448064000 91 59 91 59
1447977600 91 59 91 59
1447891200 91 59 91 59
1447804800 91 59 91 59
1447718400 91 59 91 59
1447632000 91 59 91 59
1447545600 91 59 91 59
1447459200 91 59 91 59
1447372800 91 59 91 59
1447286400 91 59 91 59
1447200000 91 59 91 59
1447113600 91 59 91 59
1447027200 91 59 91 59
1446940800 91 59 91 59
1446854400 91 59 91 59
1446768000 91 59 91 59
1446681600 91 59 91 59
1446595200 91 59 91 59
1446508800 91 59 91 59
1446422400 91 59 91 59
1446336000 91 59 91 59
1446249600 91 59 91 59
1446163200 91 59 91 59
1446076800 91 59 91 59
1445990400 91 59 91 59
1445904000 91 59 91 59
1445817600 91 59 91 59
1445731200 91 59 91 59
1445644800 91 59 91 59
1445558400 91 59 91 59
1445472000 91 59 91 59
1445385600 91 59 91 59
1445299200 91 59 91 59
1445212800 91 59 91 59
1445126400 91 59 91 59
1445040000 91 59 91 59
1444953600 91 59 91 59
1444867200 91 59 91 59
1444780800 91 59 91 59
1444694400 91 59 91 59
1444608000 91 59 91 59
1444521600 91 59 91 59
1444435200 91 59 91 59
1444348800 91 59 91 59
1444262400 91 59 91 59
1444176000 91 59 91 59
1444089600 91 59 91 59
1444003200 91 59 91 59
1443916800 91 59 91 59
1443830400 91 59 91 59
1443744000 91 59 91 59
1443657600 91 59 91 59
1443571200 91 59 91 59
1443484800 91 59 91 59
1443398400 91 59 91 59
1443312000 91 59 91 59
1443225600 91 59 91 59
1443139200 91 59 91 59
1443052800 91 59 91 59
1442966400 91 59 91 59
1442880000 91 59 91 59
1442793600 91 59 91 59
1442707200 91 59 91 59
1442620800 91 59 91 59
1442534400 91 59 91 59
1442448000 91 59 91 59
1442361600 91 59 91 59
